-- The CXX compiler identification is GNU 13.2.0
-- Detecting CXX compiler ABI info
-- Detecting CXX compiler ABI info - done
-- Check for working CXX compiler: /usr/bin/c++ - skipped
-- Detecting CXX compile features
-- Detecting CXX compile features - done
-- Performing Test CMAKE_HAVE_LIBC_PTHREAD
-- Performing Test CMAKE_HAVE_LIBC_PTHREAD - Success
-- Found Threads: TRUE  
-- Configuring done (0.9s)
-- Generating done (0.0s)
-- Build files have been written to: /home/agvcore/HandWork/hand_ws/build/httplib
-- Install configuration: ""
-- Installing: /home/agvcore/HandWork/hand_ws/install/httplib/include/httplib.h
-- Installing: /home/agvcore/HandWork/hand_ws/install/httplib/lib/cmake/httplib/httplibConfig.cmake
-- Installing: /home/agvcore/HandWork/hand_ws/install/httplib/lib/cmake/httplib/httplibConfigVersion.cmake
-- Installing: /home/agvcore/HandWork/hand_ws/install/httplib/lib/cmake/httplib/FindBrotli.cmake
-- Installing: /home/agvcore/HandWork/hand_ws/install/httplib/lib/cmake/httplib/httplibTargets.cmake
-- Installing: /home/agvcore/HandWork/hand_ws/install/httplib/share/doc/httplib/README.md
-- Installing: /home/agvcore/HandWork/hand_ws/install/httplib/share/licenses/httplib/LICENSE
