[0.239s] DEBUG:colcon:Command line arguments: ['/usr/bin/colcon', 'build', '--packages-select', 'motor_control']
[0.239s] DEBUG:colcon:Parsed command line arguments: Namespace(log_base=None, log_level=None, verb_name='build', build_base='build', install_base='install', merge_install=False, symlink_install=False, test_result_base=None, continue_on_error=False, executor='parallel', parallel_workers=8, event_handlers=None, ignore_user_meta=False, metas=['./colcon.meta'], base_paths=['.'], packages_ignore=None, packages_ignore_regex=None, paths=None, packages_up_to=None, packages_up_to_regex=None, packages_above=None, packages_above_and_dependencies=None, packages_above_depth=None, packages_select_by_dep=None, packages_skip_by_dep=None, packages_skip_up_to=None, packages_select_build_failed=False, packages_skip_build_finished=False, packages_select_test_failures=False, packages_skip_test_passed=False, packages_select=['motor_control'], packages_skip=None, packages_select_regex=None, packages_skip_regex=None, packages_start=None, packages_end=None, allow_overriding=[], cmake_args=None, cmake_target=None, cmake_target_skip_unavailable=False, cmake_clean_cache=False, cmake_clean_first=False, cmake_force_configure=False, ament_cmake_args=None, catkin_cmake_args=None, catkin_skip_building_tests=False, mixin_files=None, mixin=None, verb_parser=<colcon_mixin.mixin.mixin_argument.MixinArgumentDecorator object at 0x785c695a9280>, verb_extension=<colcon_core.verb.build.BuildVerb object at 0x785c695a8dd0>, main=<bound method BuildVerb.main of <colcon_core.verb.build.BuildVerb object at 0x785c695a8dd0>>, mixin_verb=('build',))
[0.301s] Level 1:colcon.colcon_core.package_discovery:discover_packages(colcon_meta) check parameters
[0.301s] Level 1:colcon.colcon_core.package_discovery:discover_packages(recursive) check parameters
[0.301s] Level 1:colcon.colcon_core.package_discovery:discover_packages(ignore) check parameters
[0.301s] Level 1:colcon.colcon_core.package_discovery:discover_packages(path) check parameters
[0.301s] Level 1:colcon.colcon_core.package_discovery:discover_packages(colcon_meta) discover
[0.301s] Level 1:colcon.colcon_core.package_discovery:discover_packages(recursive) discover
[0.301s] INFO:colcon.colcon_core.package_discovery:Crawling recursively for packages in '/home/agvcore/HandWork/hand_ws'
[0.301s] Level 1:colcon.colcon_core.package_identification:_identify(.) by extensions ['ignore', 'ignore_ament_install']
[0.302s] Level 1:colcon.colcon_core.package_identification:_identify(.) by extension 'ignore'
[0.302s] Level 1:colcon.colcon_core.package_identification:_identify(.) by extension 'ignore_ament_install'
[0.302s] Level 1:colcon.colcon_core.package_identification:_identify(.) by extensions ['colcon_pkg']
[0.302s] Level 1:colcon.colcon_core.package_identification:_identify(.) by extension 'colcon_pkg'
[0.302s] Level 1:colcon.colcon_core.package_identification:_identify(.) by extensions ['colcon_meta']
[0.302s] Level 1:colcon.colcon_core.package_identification:_identify(.) by extension 'colcon_meta'
[0.302s] Level 1:colcon.colcon_core.package_identification:_identify(.) by extensions ['ros']
[0.302s] Level 1:colcon.colcon_core.package_identification:_identify(.) by extension 'ros'
[0.339s] Level 1:colcon.colcon_core.package_identification:_identify(.) by extensions ['cmake', 'python']
[0.339s] Level 1:colcon.colcon_core.package_identification:_identify(.) by extension 'cmake'
[0.339s] Level 1:colcon.colcon_core.package_identification:_identify(.) by extension 'python'
[0.339s] Level 1:colcon.colcon_core.package_identification:_identify(.) by extensions ['python_setup_py']
[0.339s] Level 1:colcon.colcon_core.package_identification:_identify(.) by extension 'python_setup_py'
[0.339s] Level 1:colcon.colcon_core.package_identification:_identify(build) by extensions ['ignore', 'ignore_ament_install']
[0.339s] Level 1:colcon.colcon_core.package_identification:_identify(build) by extension 'ignore'
[0.339s] Level 1:colcon.colcon_core.package_identification:_identify(build) ignored
[0.339s] Level 1:colcon.colcon_core.package_identification:_identify(install) by extensions ['ignore', 'ignore_ament_install']
[0.340s] Level 1:colcon.colcon_core.package_identification:_identify(install) by extension 'ignore'
[0.340s] Level 1:colcon.colcon_core.package_identification:_identify(install) ignored
[0.340s] Level 1:colcon.colcon_core.package_identification:_identify(log) by extensions ['ignore', 'ignore_ament_install']
[0.340s] Level 1:colcon.colcon_core.package_identification:_identify(log) by extension 'ignore'
[0.340s] Level 1:colcon.colcon_core.package_identification:_identify(log) ignored
[0.340s] Level 1:colcon.colcon_core.package_identification:_identify(src) by extensions ['ignore', 'ignore_ament_install']
[0.340s] Level 1:colcon.colcon_core.package_identification:_identify(src) by extension 'ignore'
[0.340s] Level 1:colcon.colcon_core.package_identification:_identify(src) by extension 'ignore_ament_install'
[0.340s] Level 1:colcon.colcon_core.package_identification:_identify(src) by extensions ['colcon_pkg']
[0.340s] Level 1:colcon.colcon_core.package_identification:_identify(src) by extension 'colcon_pkg'
[0.340s] Level 1:colcon.colcon_core.package_identification:_identify(src) by extensions ['colcon_meta']
[0.340s] Level 1:colcon.colcon_core.package_identification:_identify(src) by extension 'colcon_meta'
[0.340s] Level 1:colcon.colcon_core.package_identification:_identify(src) by extensions ['ros']
[0.340s] Level 1:colcon.colcon_core.package_identification:_identify(src) by extension 'ros'
[0.340s] Level 1:colcon.colcon_core.package_identification:_identify(src) by extensions ['cmake', 'python']
[0.340s] Level 1:colcon.colcon_core.package_identification:_identify(src) by extension 'cmake'
[0.340s] Level 1:colcon.colcon_core.package_identification:_identify(src) by extension 'python'
[0.340s] Level 1:colcon.colcon_core.package_identification:_identify(src) by extensions ['python_setup_py']
[0.340s] Level 1:colcon.colcon_core.package_identification:_identify(src) by extension 'python_setup_py'
[0.340s] Level 1:colcon.colcon_core.package_identification:_identify(src/api_msgs) by extensions ['ignore', 'ignore_ament_install']
[0.341s] Level 1:colcon.colcon_core.package_identification:_identify(src/api_msgs) by extension 'ignore'
[0.341s] Level 1:colcon.colcon_core.package_identification:_identify(src/api_msgs) by extension 'ignore_ament_install'
[0.341s] Level 1:colcon.colcon_core.package_identification:_identify(src/api_msgs) by extensions ['colcon_pkg']
[0.341s] Level 1:colcon.colcon_core.package_identification:_identify(src/api_msgs) by extension 'colcon_pkg'
[0.341s] Level 1:colcon.colcon_core.package_identification:_identify(src/api_msgs) by extensions ['colcon_meta']
[0.341s] Level 1:colcon.colcon_core.package_identification:_identify(src/api_msgs) by extension 'colcon_meta'
[0.341s] Level 1:colcon.colcon_core.package_identification:_identify(src/api_msgs) by extensions ['ros']
[0.341s] Level 1:colcon.colcon_core.package_identification:_identify(src/api_msgs) by extension 'ros'
[0.341s] Level 1:colcon.colcon_core.package_identification:_identify(src/api_msgs) by extensions ['cmake', 'python']
[0.341s] Level 1:colcon.colcon_core.package_identification:_identify(src/api_msgs) by extension 'cmake'
[0.341s] Level 1:colcon.colcon_core.package_identification:_identify(src/api_msgs) by extension 'python'
[0.341s] Level 1:colcon.colcon_core.package_identification:_identify(src/api_msgs) by extensions ['python_setup_py']
[0.341s] Level 1:colcon.colcon_core.package_identification:_identify(src/api_msgs) by extension 'python_setup_py'
[0.341s] Level 1:colcon.colcon_core.package_identification:_identify(src/internal_msgs) by extensions ['ignore', 'ignore_ament_install']
[0.341s] Level 1:colcon.colcon_core.package_identification:_identify(src/internal_msgs) by extension 'ignore'
[0.341s] Level 1:colcon.colcon_core.package_identification:_identify(src/internal_msgs) by extension 'ignore_ament_install'
[0.341s] Level 1:colcon.colcon_core.package_identification:_identify(src/internal_msgs) by extensions ['colcon_pkg']
[0.341s] Level 1:colcon.colcon_core.package_identification:_identify(src/internal_msgs) by extension 'colcon_pkg'
[0.341s] Level 1:colcon.colcon_core.package_identification:_identify(src/internal_msgs) by extensions ['colcon_meta']
[0.341s] Level 1:colcon.colcon_core.package_identification:_identify(src/internal_msgs) by extension 'colcon_meta'
[0.341s] Level 1:colcon.colcon_core.package_identification:_identify(src/internal_msgs) by extensions ['ros']
[0.341s] Level 1:colcon.colcon_core.package_identification:_identify(src/internal_msgs) by extension 'ros'
[0.341s] Level 1:colcon.colcon_core.package_identification:_identify(src/internal_msgs) by extensions ['cmake', 'python']
[0.341s] Level 1:colcon.colcon_core.package_identification:_identify(src/internal_msgs) by extension 'cmake'
[0.341s] Level 1:colcon.colcon_core.package_identification:_identify(src/internal_msgs) by extension 'python'
[0.341s] Level 1:colcon.colcon_core.package_identification:_identify(src/internal_msgs) by extensions ['python_setup_py']
[0.341s] Level 1:colcon.colcon_core.package_identification:_identify(src/internal_msgs) by extension 'python_setup_py'
[0.342s] Level 1:colcon.colcon_core.package_identification:_identify(src/internal_msgs/motor_control_command_msgs) by extensions ['ignore', 'ignore_ament_install']
[0.342s] Level 1:colcon.colcon_core.package_identification:_identify(src/internal_msgs/motor_control_command_msgs) by extension 'ignore'
[0.342s] Level 1:colcon.colcon_core.package_identification:_identify(src/internal_msgs/motor_control_command_msgs) by extension 'ignore_ament_install'
[0.342s] Level 1:colcon.colcon_core.package_identification:_identify(src/internal_msgs/motor_control_command_msgs) by extensions ['colcon_pkg']
[0.342s] Level 1:colcon.colcon_core.package_identification:_identify(src/internal_msgs/motor_control_command_msgs) by extension 'colcon_pkg'
[0.342s] Level 1:colcon.colcon_core.package_identification:_identify(src/internal_msgs/motor_control_command_msgs) by extensions ['colcon_meta']
[0.342s] Level 1:colcon.colcon_core.package_identification:_identify(src/internal_msgs/motor_control_command_msgs) by extension 'colcon_meta'
[0.342s] Level 1:colcon.colcon_core.package_identification:_identify(src/internal_msgs/motor_control_command_msgs) by extensions ['ros']
[0.342s] Level 1:colcon.colcon_core.package_identification:_identify(src/internal_msgs/motor_control_command_msgs) by extension 'ros'
[0.347s] DEBUG:colcon.colcon_core.package_identification:Package 'src/internal_msgs/motor_control_command_msgs' with type 'ros.ament_cmake' and name 'motor_control_command_msgs'
[0.347s] Level 1:colcon.colcon_core.package_identification:_identify(src/multi_motor_ros2) by extensions ['ignore', 'ignore_ament_install']
[0.347s] Level 1:colcon.colcon_core.package_identification:_identify(src/multi_motor_ros2) by extension 'ignore'
[0.347s] Level 1:colcon.colcon_core.package_identification:_identify(src/multi_motor_ros2) by extension 'ignore_ament_install'
[0.347s] Level 1:colcon.colcon_core.package_identification:_identify(src/multi_motor_ros2) by extensions ['colcon_pkg']
[0.347s] Level 1:colcon.colcon_core.package_identification:_identify(src/multi_motor_ros2) by extension 'colcon_pkg'
[0.347s] Level 1:colcon.colcon_core.package_identification:_identify(src/multi_motor_ros2) by extensions ['colcon_meta']
[0.347s] Level 1:colcon.colcon_core.package_identification:_identify(src/multi_motor_ros2) by extension 'colcon_meta'
[0.347s] Level 1:colcon.colcon_core.package_identification:_identify(src/multi_motor_ros2) by extensions ['ros']
[0.347s] Level 1:colcon.colcon_core.package_identification:_identify(src/multi_motor_ros2) by extension 'ros'
[0.347s] Level 1:colcon.colcon_core.package_identification:_identify(src/multi_motor_ros2) by extensions ['cmake', 'python']
[0.347s] Level 1:colcon.colcon_core.package_identification:_identify(src/multi_motor_ros2) by extension 'cmake'
[0.348s] Level 1:colcon.colcon_core.package_identification:_identify(src/multi_motor_ros2) by extension 'python'
[0.348s] Level 1:colcon.colcon_core.package_identification:_identify(src/multi_motor_ros2) by extensions ['python_setup_py']
[0.348s] Level 1:colcon.colcon_core.package_identification:_identify(src/multi_motor_ros2) by extension 'python_setup_py'
[0.348s] Level 1:colcon.colcon_core.package_identification:_identify(src/multi_motor_ros2/motor_control) by extensions ['ignore', 'ignore_ament_install']
[0.348s] Level 1:colcon.colcon_core.package_identification:_identify(src/multi_motor_ros2/motor_control) by extension 'ignore'
[0.348s] Level 1:colcon.colcon_core.package_identification:_identify(src/multi_motor_ros2/motor_control) by extension 'ignore_ament_install'
[0.348s] Level 1:colcon.colcon_core.package_identification:_identify(src/multi_motor_ros2/motor_control) by extensions ['colcon_pkg']
[0.348s] Level 1:colcon.colcon_core.package_identification:_identify(src/multi_motor_ros2/motor_control) by extension 'colcon_pkg'
[0.348s] Level 1:colcon.colcon_core.package_identification:_identify(src/multi_motor_ros2/motor_control) by extensions ['colcon_meta']
[0.348s] Level 1:colcon.colcon_core.package_identification:_identify(src/multi_motor_ros2/motor_control) by extension 'colcon_meta'
[0.348s] Level 1:colcon.colcon_core.package_identification:_identify(src/multi_motor_ros2/motor_control) by extensions ['ros']
[0.348s] Level 1:colcon.colcon_core.package_identification:_identify(src/multi_motor_ros2/motor_control) by extension 'ros'
[0.349s] DEBUG:colcon.colcon_core.package_identification:Package 'src/multi_motor_ros2/motor_control' with type 'ros.ament_cmake' and name 'motor_control'
[0.349s] Level 1:colcon.colcon_core.package_identification:_identify(src/thirdparty) by extensions ['ignore', 'ignore_ament_install']
[0.349s] Level 1:colcon.colcon_core.package_identification:_identify(src/thirdparty) by extension 'ignore'
[0.349s] Level 1:colcon.colcon_core.package_identification:_identify(src/thirdparty) by extension 'ignore_ament_install'
[0.349s] Level 1:colcon.colcon_core.package_identification:_identify(src/thirdparty) by extensions ['colcon_pkg']
[0.349s] Level 1:colcon.colcon_core.package_identification:_identify(src/thirdparty) by extension 'colcon_pkg'
[0.350s] Level 1:colcon.colcon_core.package_identification:_identify(src/thirdparty) by extensions ['colcon_meta']
[0.350s] Level 1:colcon.colcon_core.package_identification:_identify(src/thirdparty) by extension 'colcon_meta'
[0.350s] Level 1:colcon.colcon_core.package_identification:_identify(src/thirdparty) by extensions ['ros']
[0.350s] Level 1:colcon.colcon_core.package_identification:_identify(src/thirdparty) by extension 'ros'
[0.350s] Level 1:colcon.colcon_core.package_identification:_identify(src/thirdparty) by extensions ['cmake', 'python']
[0.350s] Level 1:colcon.colcon_core.package_identification:_identify(src/thirdparty) by extension 'cmake'
[0.350s] Level 1:colcon.colcon_core.package_identification:_identify(src/thirdparty) by extension 'python'
[0.350s] Level 1:colcon.colcon_core.package_identification:_identify(src/thirdparty) by extensions ['python_setup_py']
[0.350s] Level 1:colcon.colcon_core.package_identification:_identify(src/thirdparty) by extension 'python_setup_py'
[0.350s] Level 1:colcon.colcon_core.package_identification:_identify(src/thirdparty/cpp-httplib) by extensions ['ignore', 'ignore_ament_install']
[0.350s] Level 1:colcon.colcon_core.package_identification:_identify(src/thirdparty/cpp-httplib) by extension 'ignore'
[0.350s] Level 1:colcon.colcon_core.package_identification:_identify(src/thirdparty/cpp-httplib) by extension 'ignore_ament_install'
[0.351s] Level 1:colcon.colcon_core.package_identification:_identify(src/thirdparty/cpp-httplib) by extensions ['colcon_pkg']
[0.351s] Level 1:colcon.colcon_core.package_identification:_identify(src/thirdparty/cpp-httplib) by extension 'colcon_pkg'
[0.351s] Level 1:colcon.colcon_core.package_identification:_identify(src/thirdparty/cpp-httplib) by extensions ['colcon_meta']
[0.351s] Level 1:colcon.colcon_core.package_identification:_identify(src/thirdparty/cpp-httplib) by extension 'colcon_meta'
[0.351s] Level 1:colcon.colcon_core.package_identification:_identify(src/thirdparty/cpp-httplib) by extensions ['ros']
[0.351s] Level 1:colcon.colcon_core.package_identification:_identify(src/thirdparty/cpp-httplib) by extension 'ros'
[0.351s] Level 1:colcon.colcon_core.package_identification:_identify(src/thirdparty/cpp-httplib) by extensions ['cmake', 'python']
[0.352s] Level 1:colcon.colcon_core.package_identification:_identify(src/thirdparty/cpp-httplib) by extension 'cmake'
[0.355s] Level 1:colcon.colcon_core.package_identification:_identify(src/thirdparty/cpp-httplib) by extension 'python'
[0.355s] DEBUG:colcon.colcon_core.package_identification:Package 'src/thirdparty/cpp-httplib' with type 'cmake' and name 'httplib'
[0.355s] Level 1:colcon.colcon_core.package_identification:_identify(src/thirdparty/json) by extensions ['ignore', 'ignore_ament_install']
[0.355s] Level 1:colcon.colcon_core.package_identification:_identify(src/thirdparty/json) by extension 'ignore'
[0.355s] Level 1:colcon.colcon_core.package_identification:_identify(src/thirdparty/json) by extension 'ignore_ament_install'
[0.356s] Level 1:colcon.colcon_core.package_identification:_identify(src/thirdparty/json) by extensions ['colcon_pkg']
[0.356s] Level 1:colcon.colcon_core.package_identification:_identify(src/thirdparty/json) by extension 'colcon_pkg'
[0.356s] Level 1:colcon.colcon_core.package_identification:_identify(src/thirdparty/json) by extensions ['colcon_meta']
[0.356s] Level 1:colcon.colcon_core.package_identification:_identify(src/thirdparty/json) by extension 'colcon_meta'
[0.356s] Level 1:colcon.colcon_core.package_identification:_identify(src/thirdparty/json) by extensions ['ros']
[0.356s] Level 1:colcon.colcon_core.package_identification:_identify(src/thirdparty/json) by extension 'ros'
[0.356s] Level 1:colcon.colcon_core.package_identification:_identify(src/thirdparty/json) by extensions ['cmake', 'python']
[0.356s] Level 1:colcon.colcon_core.package_identification:_identify(src/thirdparty/json) by extension 'cmake'
[0.367s] Level 1:colcon.colcon_core.package_identification:_identify(src/thirdparty/json) by extension 'python'
[0.367s] DEBUG:colcon.colcon_core.package_identification:Package 'src/thirdparty/json' with type 'cmake' and name 'nlohmann_json'
[0.367s] Level 1:colcon.colcon_core.package_discovery:discover_packages(recursive) using defaults
[0.367s] Level 1:colcon.colcon_core.package_discovery:discover_packages(ignore) discover
[0.367s] Level 1:colcon.colcon_core.package_discovery:discover_packages(ignore) using defaults
[0.367s] Level 1:colcon.colcon_core.package_discovery:discover_packages(path) discover
[0.367s] Level 1:colcon.colcon_core.package_discovery:discover_packages(path) using defaults
[0.396s] INFO:colcon.colcon_core.package_selection:Skipping not selected package 'httplib' in 'src/thirdparty/cpp-httplib'
[0.396s] INFO:colcon.colcon_core.package_selection:Skipping not selected package 'motor_control_command_msgs' in 'src/internal_msgs/motor_control_command_msgs'
[0.396s] INFO:colcon.colcon_core.package_selection:Skipping not selected package 'nlohmann_json' in 'src/thirdparty/json'
[0.398s] Level 1:colcon.colcon_core.package_discovery:discover_packages(prefix_path) check parameters
[0.398s] Level 1:colcon.colcon_core.package_discovery:discover_packages(prefix_path) discover
[0.405s] DEBUG:colcon.colcon_installed_package_information.package_discovery:Found 441 installed packages in /opt/ros/jazzy
[0.407s] Level 1:colcon.colcon_core.package_discovery:discover_packages(prefix_path) using defaults
[0.553s] Level 5:colcon.colcon_core.verb:set package 'motor_control' build argument 'cmake_args' from command line to 'None'
[0.553s] Level 5:colcon.colcon_core.verb:set package 'motor_control' build argument 'cmake_target' from command line to 'None'
[0.553s] Level 5:colcon.colcon_core.verb:set package 'motor_control' build argument 'cmake_target_skip_unavailable' from command line to 'False'
[0.553s] Level 5:colcon.colcon_core.verb:set package 'motor_control' build argument 'cmake_clean_cache' from command line to 'False'
[0.553s] Level 5:colcon.colcon_core.verb:set package 'motor_control' build argument 'cmake_clean_first' from command line to 'False'
[0.553s] Level 5:colcon.colcon_core.verb:set package 'motor_control' build argument 'cmake_force_configure' from command line to 'False'
[0.553s] Level 5:colcon.colcon_core.verb:set package 'motor_control' build argument 'ament_cmake_args' from command line to 'None'
[0.553s] Level 5:colcon.colcon_core.verb:set package 'motor_control' build argument 'catkin_cmake_args' from command line to 'None'
[0.553s] Level 5:colcon.colcon_core.verb:set package 'motor_control' build argument 'catkin_skip_building_tests' from command line to 'False'
[0.553s] DEBUG:colcon.colcon_core.verb:Building package 'motor_control' with the following arguments: {'ament_cmake_args': None, 'build_base': '/home/agvcore/HandWork/hand_ws/build/motor_control', 'catkin_cmake_args': None, 'catkin_skip_building_tests': False, 'cmake_args': None, 'cmake_clean_cache': False, 'cmake_clean_first': False, 'cmake_force_configure': False, 'cmake_target': None, 'cmake_target_skip_unavailable': False, 'install_base': '/home/agvcore/HandWork/hand_ws/install/motor_control', 'merge_install': False, 'path': '/home/agvcore/HandWork/hand_ws/src/multi_motor_ros2/motor_control', 'symlink_install': False, 'test_result_base': None}
[0.553s] INFO:colcon.colcon_core.executor:Executing jobs using 'parallel' executor
[0.555s] DEBUG:colcon.colcon_parallel_executor.executor.parallel:run_until_complete
[0.556s] INFO:colcon.colcon_ros.task.ament_cmake.build:Building ROS package in '/home/agvcore/HandWork/hand_ws/src/multi_motor_ros2/motor_control' with build type 'ament_cmake'
[0.556s] INFO:colcon.colcon_cmake.task.cmake.build:Building CMake package in '/home/agvcore/HandWork/hand_ws/src/multi_motor_ros2/motor_control'
[0.569s] INFO:colcon.colcon_core.plugin_system:Skipping extension 'colcon_core.shell.bat': Not used on non-Windows systems
[0.569s] INFO:colcon.colcon_core.shell:Skip shell extension 'powershell' for command environment: Not usable outside of PowerShell
[0.569s] DEBUG:colcon.colcon_core.shell:Skip shell extension 'dsv' for command environment
[0.589s] DEBUG:colcon.colcon_core.event_handler.log_command:Invoking command in '/home/agvcore/HandWork/hand_ws/build/motor_control': AMENT_PREFIX_PATH=/home/agvcore/HandWork/hand_ws/install/motor_control_command_msgs:${AMENT_PREFIX_PATH} CMAKE_PREFIX_PATH=/home/agvcore/HandWork/hand_ws/install/motor_control_command_msgs:/opt/ros/jazzy/opt/gz_sim_vendor:/opt/ros/jazzy/opt/gz_sensors_vendor:/opt/ros/jazzy/opt/gz_physics_vendor:/opt/ros/jazzy/opt/sdformat_vendor:/opt/ros/jazzy/opt/gz_gui_vendor:/opt/ros/jazzy/opt/gz_transport_vendor:/opt/ros/jazzy/opt/gz_rendering_vendor:/opt/ros/jazzy/opt/gz_plugin_vendor:/opt/ros/jazzy/opt/gz_fuel_tools_vendor:/opt/ros/jazzy/opt/gz_msgs_vendor:/opt/ros/jazzy/opt/gz_common_vendor:/opt/ros/jazzy/opt/gz_math_vendor:/opt/ros/jazzy/opt/gz_utils_vendor:/opt/ros/jazzy/opt/gz_tools_vendor:/opt/ros/jazzy/opt/gz_ogre_next_vendor:/opt/ros/jazzy/opt/gz_dartsim_vendor:/opt/ros/jazzy/opt/gz_cmake_vendor:/opt/ros/jazzy DEBUGINFOD_URLS=https://debuginfod.ubuntu.com LD_LIBRARY_PATH=/home/agvcore/HandWork/hand_ws/install/motor_control_command_msgs/lib:${LD_LIBRARY_PATH} PYTHONPATH=/home/agvcore/HandWork/hand_ws/install/motor_control_command_msgs/lib/python3.12/site-packages:${PYTHONPATH} /usr/bin/cmake --build /home/agvcore/HandWork/hand_ws/build/motor_control -- -j8 -l8
[16.881s] DEBUG:colcon.colcon_core.event_handler.log_command:Invoked command in '/home/agvcore/HandWork/hand_ws/build/motor_control' returned '0': AMENT_PREFIX_PATH=/home/agvcore/HandWork/hand_ws/install/motor_control_command_msgs:${AMENT_PREFIX_PATH} CMAKE_PREFIX_PATH=/home/agvcore/HandWork/hand_ws/install/motor_control_command_msgs:/opt/ros/jazzy/opt/gz_sim_vendor:/opt/ros/jazzy/opt/gz_sensors_vendor:/opt/ros/jazzy/opt/gz_physics_vendor:/opt/ros/jazzy/opt/sdformat_vendor:/opt/ros/jazzy/opt/gz_gui_vendor:/opt/ros/jazzy/opt/gz_transport_vendor:/opt/ros/jazzy/opt/gz_rendering_vendor:/opt/ros/jazzy/opt/gz_plugin_vendor:/opt/ros/jazzy/opt/gz_fuel_tools_vendor:/opt/ros/jazzy/opt/gz_msgs_vendor:/opt/ros/jazzy/opt/gz_common_vendor:/opt/ros/jazzy/opt/gz_math_vendor:/opt/ros/jazzy/opt/gz_utils_vendor:/opt/ros/jazzy/opt/gz_tools_vendor:/opt/ros/jazzy/opt/gz_ogre_next_vendor:/opt/ros/jazzy/opt/gz_dartsim_vendor:/opt/ros/jazzy/opt/gz_cmake_vendor:/opt/ros/jazzy DEBUGINFOD_URLS=https://debuginfod.ubuntu.com LD_LIBRARY_PATH=/home/agvcore/HandWork/hand_ws/install/motor_control_command_msgs/lib:${LD_LIBRARY_PATH} PYTHONPATH=/home/agvcore/HandWork/hand_ws/install/motor_control_command_msgs/lib/python3.12/site-packages:${PYTHONPATH} /usr/bin/cmake --build /home/agvcore/HandWork/hand_ws/build/motor_control -- -j8 -l8
[16.962s] DEBUG:colcon.colcon_core.event_handler.log_command:Invoking command in '/home/agvcore/HandWork/hand_ws/build/motor_control': AMENT_PREFIX_PATH=/home/agvcore/HandWork/hand_ws/install/motor_control_command_msgs:${AMENT_PREFIX_PATH} CMAKE_PREFIX_PATH=/home/agvcore/HandWork/hand_ws/install/motor_control_command_msgs:/opt/ros/jazzy/opt/gz_sim_vendor:/opt/ros/jazzy/opt/gz_sensors_vendor:/opt/ros/jazzy/opt/gz_physics_vendor:/opt/ros/jazzy/opt/sdformat_vendor:/opt/ros/jazzy/opt/gz_gui_vendor:/opt/ros/jazzy/opt/gz_transport_vendor:/opt/ros/jazzy/opt/gz_rendering_vendor:/opt/ros/jazzy/opt/gz_plugin_vendor:/opt/ros/jazzy/opt/gz_fuel_tools_vendor:/opt/ros/jazzy/opt/gz_msgs_vendor:/opt/ros/jazzy/opt/gz_common_vendor:/opt/ros/jazzy/opt/gz_math_vendor:/opt/ros/jazzy/opt/gz_utils_vendor:/opt/ros/jazzy/opt/gz_tools_vendor:/opt/ros/jazzy/opt/gz_ogre_next_vendor:/opt/ros/jazzy/opt/gz_dartsim_vendor:/opt/ros/jazzy/opt/gz_cmake_vendor:/opt/ros/jazzy DEBUGINFOD_URLS=https://debuginfod.ubuntu.com LD_LIBRARY_PATH=/home/agvcore/HandWork/hand_ws/install/motor_control_command_msgs/lib:${LD_LIBRARY_PATH} PYTHONPATH=/home/agvcore/HandWork/hand_ws/install/motor_control_command_msgs/lib/python3.12/site-packages:${PYTHONPATH} /usr/bin/cmake --install /home/agvcore/HandWork/hand_ws/build/motor_control
[16.998s] Level 1:colcon.colcon_core.environment:create_environment_scripts_only(motor_control)
[16.999s] DEBUG:colcon.colcon_core.event_handler.log_command:Invoked command in '/home/agvcore/HandWork/hand_ws/build/motor_control' returned '0': AMENT_PREFIX_PATH=/home/agvcore/HandWork/hand_ws/install/motor_control_command_msgs:${AMENT_PREFIX_PATH} CMAKE_PREFIX_PATH=/home/agvcore/HandWork/hand_ws/install/motor_control_command_msgs:/opt/ros/jazzy/opt/gz_sim_vendor:/opt/ros/jazzy/opt/gz_sensors_vendor:/opt/ros/jazzy/opt/gz_physics_vendor:/opt/ros/jazzy/opt/sdformat_vendor:/opt/ros/jazzy/opt/gz_gui_vendor:/opt/ros/jazzy/opt/gz_transport_vendor:/opt/ros/jazzy/opt/gz_rendering_vendor:/opt/ros/jazzy/opt/gz_plugin_vendor:/opt/ros/jazzy/opt/gz_fuel_tools_vendor:/opt/ros/jazzy/opt/gz_msgs_vendor:/opt/ros/jazzy/opt/gz_common_vendor:/opt/ros/jazzy/opt/gz_math_vendor:/opt/ros/jazzy/opt/gz_utils_vendor:/opt/ros/jazzy/opt/gz_tools_vendor:/opt/ros/jazzy/opt/gz_ogre_next_vendor:/opt/ros/jazzy/opt/gz_dartsim_vendor:/opt/ros/jazzy/opt/gz_cmake_vendor:/opt/ros/jazzy DEBUGINFOD_URLS=https://debuginfod.ubuntu.com LD_LIBRARY_PATH=/home/agvcore/HandWork/hand_ws/install/motor_control_command_msgs/lib:${LD_LIBRARY_PATH} PYTHONPATH=/home/agvcore/HandWork/hand_ws/install/motor_control_command_msgs/lib/python3.12/site-packages:${PYTHONPATH} /usr/bin/cmake --install /home/agvcore/HandWork/hand_ws/build/motor_control
[17.010s] Level 1:colcon.colcon_core.environment:checking '/home/agvcore/HandWork/hand_ws/install/motor_control' for CMake module files
[17.010s] Level 1:colcon.colcon_core.environment:checking '/home/agvcore/HandWork/hand_ws/install/motor_control' for CMake config files
[17.011s] Level 1:colcon.colcon_core.shell:create_environment_hook('motor_control', 'cmake_prefix_path')
[17.011s] INFO:colcon.colcon_core.shell:Creating environment hook '/home/agvcore/HandWork/hand_ws/install/motor_control/share/motor_control/hook/cmake_prefix_path.ps1'
[17.012s] INFO:colcon.colcon_core.shell:Creating environment descriptor '/home/agvcore/HandWork/hand_ws/install/motor_control/share/motor_control/hook/cmake_prefix_path.dsv'
[17.012s] INFO:colcon.colcon_core.shell:Creating environment hook '/home/agvcore/HandWork/hand_ws/install/motor_control/share/motor_control/hook/cmake_prefix_path.sh'
[17.013s] Level 1:colcon.colcon_core.environment:checking '/home/agvcore/HandWork/hand_ws/install/motor_control/lib'
[17.013s] Level 1:colcon.colcon_core.environment:checking '/home/agvcore/HandWork/hand_ws/install/motor_control/bin'
[17.013s] Level 1:colcon.colcon_core.environment:checking '/home/agvcore/HandWork/hand_ws/install/motor_control/lib/pkgconfig/motor_control.pc'
[17.014s] Level 1:colcon.colcon_core.environment:checking '/home/agvcore/HandWork/hand_ws/install/motor_control/lib/python3.12/site-packages'
[17.014s] Level 1:colcon.colcon_core.environment:checking '/home/agvcore/HandWork/hand_ws/install/motor_control/bin'
[17.014s] INFO:colcon.colcon_core.shell:Creating package script '/home/agvcore/HandWork/hand_ws/install/motor_control/share/motor_control/package.ps1'
[17.015s] INFO:colcon.colcon_core.shell:Creating package descriptor '/home/agvcore/HandWork/hand_ws/install/motor_control/share/motor_control/package.dsv'
[17.015s] INFO:colcon.colcon_core.shell:Creating package script '/home/agvcore/HandWork/hand_ws/install/motor_control/share/motor_control/package.sh'
[17.016s] INFO:colcon.colcon_core.shell:Creating package script '/home/agvcore/HandWork/hand_ws/install/motor_control/share/motor_control/package.bash'
[17.017s] INFO:colcon.colcon_core.shell:Creating package script '/home/agvcore/HandWork/hand_ws/install/motor_control/share/motor_control/package.zsh'
[17.018s] Level 1:colcon.colcon_core.environment:create_file_with_runtime_dependencies(/home/agvcore/HandWork/hand_ws/install/motor_control/share/colcon-core/packages/motor_control)
[17.073s] Level 1:colcon.colcon_core.environment:create_environment_scripts_only(motor_control)
[17.073s] Level 1:colcon.colcon_core.environment:checking '/home/agvcore/HandWork/hand_ws/install/motor_control' for CMake module files
[17.074s] Level 1:colcon.colcon_core.environment:checking '/home/agvcore/HandWork/hand_ws/install/motor_control' for CMake config files
[17.074s] Level 1:colcon.colcon_core.shell:create_environment_hook('motor_control', 'cmake_prefix_path')
[17.075s] INFO:colcon.colcon_core.shell:Creating environment hook '/home/agvcore/HandWork/hand_ws/install/motor_control/share/motor_control/hook/cmake_prefix_path.ps1'
[17.075s] INFO:colcon.colcon_core.shell:Creating environment descriptor '/home/agvcore/HandWork/hand_ws/install/motor_control/share/motor_control/hook/cmake_prefix_path.dsv'
[17.076s] INFO:colcon.colcon_core.shell:Creating environment hook '/home/agvcore/HandWork/hand_ws/install/motor_control/share/motor_control/hook/cmake_prefix_path.sh'
[17.077s] Level 1:colcon.colcon_core.environment:checking '/home/agvcore/HandWork/hand_ws/install/motor_control/lib'
[17.077s] Level 1:colcon.colcon_core.environment:checking '/home/agvcore/HandWork/hand_ws/install/motor_control/bin'
[17.077s] Level 1:colcon.colcon_core.environment:checking '/home/agvcore/HandWork/hand_ws/install/motor_control/lib/pkgconfig/motor_control.pc'
[17.077s] Level 1:colcon.colcon_core.environment:checking '/home/agvcore/HandWork/hand_ws/install/motor_control/lib/python3.12/site-packages'
[17.077s] Level 1:colcon.colcon_core.environment:checking '/home/agvcore/HandWork/hand_ws/install/motor_control/bin'
[17.078s] INFO:colcon.colcon_core.shell:Creating package script '/home/agvcore/HandWork/hand_ws/install/motor_control/share/motor_control/package.ps1'
[17.078s] INFO:colcon.colcon_core.shell:Creating package descriptor '/home/agvcore/HandWork/hand_ws/install/motor_control/share/motor_control/package.dsv'
[17.079s] INFO:colcon.colcon_core.shell:Creating package script '/home/agvcore/HandWork/hand_ws/install/motor_control/share/motor_control/package.sh'
[17.080s] INFO:colcon.colcon_core.shell:Creating package script '/home/agvcore/HandWork/hand_ws/install/motor_control/share/motor_control/package.bash'
[17.080s] INFO:colcon.colcon_core.shell:Creating package script '/home/agvcore/HandWork/hand_ws/install/motor_control/share/motor_control/package.zsh'
[17.081s] Level 1:colcon.colcon_core.environment:create_file_with_runtime_dependencies(/home/agvcore/HandWork/hand_ws/install/motor_control/share/colcon-core/packages/motor_control)
[17.081s] DEBUG:colcon.colcon_parallel_executor.executor.parallel:closing loop
[17.082s] DEBUG:colcon.colcon_parallel_executor.executor.parallel:loop closed
[17.082s] DEBUG:colcon.colcon_parallel_executor.executor.parallel:run_until_complete finished with '0'
[17.082s] DEBUG:colcon.colcon_core.event_reactor:joining thread
[17.093s] INFO:colcon.colcon_core.plugin_system:Skipping extension 'colcon_notification.desktop_notification.terminal_notifier': Not used on non-Darwin systems
[17.094s] INFO:colcon.colcon_core.plugin_system:Skipping extension 'colcon_notification.desktop_notification.win32': Not used on non-Windows systems
[17.094s] INFO:colcon.colcon_notification.desktop_notification:Sending desktop notification using 'notify2'
[17.116s] DEBUG:colcon.colcon_core.event_reactor:joined thread
[17.116s] INFO:colcon.colcon_core.shell:Creating prefix script '/home/agvcore/HandWork/hand_ws/install/local_setup.ps1'
[17.118s] INFO:colcon.colcon_core.shell:Creating prefix util module '/home/agvcore/HandWork/hand_ws/install/_local_setup_util_ps1.py'
[17.119s] INFO:colcon.colcon_core.shell:Creating prefix chain script '/home/agvcore/HandWork/hand_ws/install/setup.ps1'
[17.121s] INFO:colcon.colcon_core.shell:Creating prefix script '/home/agvcore/HandWork/hand_ws/install/local_setup.sh'
[17.121s] INFO:colcon.colcon_core.shell:Creating prefix util module '/home/agvcore/HandWork/hand_ws/install/_local_setup_util_sh.py'
[17.122s] INFO:colcon.colcon_core.shell:Creating prefix chain script '/home/agvcore/HandWork/hand_ws/install/setup.sh'
[17.123s] INFO:colcon.colcon_core.shell:Creating prefix script '/home/agvcore/HandWork/hand_ws/install/local_setup.bash'
[17.124s] INFO:colcon.colcon_core.shell:Creating prefix chain script '/home/agvcore/HandWork/hand_ws/install/setup.bash'
[17.125s] INFO:colcon.colcon_core.shell:Creating prefix script '/home/agvcore/HandWork/hand_ws/install/local_setup.zsh'
[17.126s] INFO:colcon.colcon_core.shell:Creating prefix chain script '/home/agvcore/HandWork/hand_ws/install/setup.zsh'
