[0.024s] Invoking command in '/home/agvcore/HandWork/hand_ws/build/motor_control': CMAKE_PREFIX_PATH=/home/agvcore/HandWork/hand_ws/install/motor_control_command_msgs:/home/agvcore/HandWork/hand_ws/install/nlohmann_json:/home/agvcore/HandWork/hand_ws/install/motor_control:/home/agvcore/HandWork/hand_ws/install/httplib:/opt/ros/jazzy/opt/gz_sim_vendor:/opt/ros/jazzy/opt/gz_sensors_vendor:/opt/ros/jazzy/opt/gz_physics_vendor:/opt/ros/jazzy/opt/sdformat_vendor:/opt/ros/jazzy/opt/gz_gui_vendor:/opt/ros/jazzy/opt/gz_transport_vendor:/opt/ros/jazzy/opt/gz_rendering_vendor:/opt/ros/jazzy/opt/gz_plugin_vendor:/opt/ros/jazzy/opt/gz_fuel_tools_vendor:/opt/ros/jazzy/opt/gz_msgs_vendor:/opt/ros/jazzy/opt/gz_common_vendor:/opt/ros/jazzy/opt/gz_math_vendor:/opt/ros/jazzy/opt/gz_utils_vendor:/opt/ros/jazzy/opt/gz_tools_vendor:/opt/ros/jazzy/opt/gz_ogre_next_vendor:/opt/ros/jazzy/opt/gz_dartsim_vendor:/opt/ros/jazzy/opt/gz_cmake_vendor:/opt/ros/jazzy DEBUGINFOD_URLS=https://debuginfod.ubuntu.com /usr/bin/cmake --build /home/agvcore/HandWork/hand_ws/build/motor_control -- -j8 -l8
[0.126s] [ 50%] Built target deal_http
[0.126s] [ 75%] [32mBuilding CXX object CMakeFiles/adapter_http.dir/src/adapter_http.cpp.o[0m
[19.535s] [100%] [32m[1mLinking CXX executable adapter_http[0m
[19.962s] [100%] Built target adapter_http
[19.990s] Invoked command in '/home/agvcore/HandWork/hand_ws/build/motor_control' returned '0': CMAKE_PREFIX_PATH=/home/agvcore/HandWork/hand_ws/install/motor_control_command_msgs:/home/agvcore/HandWork/hand_ws/install/nlohmann_json:/home/agvcore/HandWork/hand_ws/install/motor_control:/home/agvcore/HandWork/hand_ws/install/httplib:/opt/ros/jazzy/opt/gz_sim_vendor:/opt/ros/jazzy/opt/gz_sensors_vendor:/opt/ros/jazzy/opt/gz_physics_vendor:/opt/ros/jazzy/opt/sdformat_vendor:/opt/ros/jazzy/opt/gz_gui_vendor:/opt/ros/jazzy/opt/gz_transport_vendor:/opt/ros/jazzy/opt/gz_rendering_vendor:/opt/ros/jazzy/opt/gz_plugin_vendor:/opt/ros/jazzy/opt/gz_fuel_tools_vendor:/opt/ros/jazzy/opt/gz_msgs_vendor:/opt/ros/jazzy/opt/gz_common_vendor:/opt/ros/jazzy/opt/gz_math_vendor:/opt/ros/jazzy/opt/gz_utils_vendor:/opt/ros/jazzy/opt/gz_tools_vendor:/opt/ros/jazzy/opt/gz_ogre_next_vendor:/opt/ros/jazzy/opt/gz_dartsim_vendor:/opt/ros/jazzy/opt/gz_cmake_vendor:/opt/ros/jazzy DEBUGINFOD_URLS=https://debuginfod.ubuntu.com /usr/bin/cmake --build /home/agvcore/HandWork/hand_ws/build/motor_control -- -j8 -l8
[20.099s] Invoking command in '/home/agvcore/HandWork/hand_ws/build/motor_control': CMAKE_PREFIX_PATH=/home/agvcore/HandWork/hand_ws/install/motor_control_command_msgs:/home/agvcore/HandWork/hand_ws/install/nlohmann_json:/home/agvcore/HandWork/hand_ws/install/motor_control:/home/agvcore/HandWork/hand_ws/install/httplib:/opt/ros/jazzy/opt/gz_sim_vendor:/opt/ros/jazzy/opt/gz_sensors_vendor:/opt/ros/jazzy/opt/gz_physics_vendor:/opt/ros/jazzy/opt/sdformat_vendor:/opt/ros/jazzy/opt/gz_gui_vendor:/opt/ros/jazzy/opt/gz_transport_vendor:/opt/ros/jazzy/opt/gz_rendering_vendor:/opt/ros/jazzy/opt/gz_plugin_vendor:/opt/ros/jazzy/opt/gz_fuel_tools_vendor:/opt/ros/jazzy/opt/gz_msgs_vendor:/opt/ros/jazzy/opt/gz_common_vendor:/opt/ros/jazzy/opt/gz_math_vendor:/opt/ros/jazzy/opt/gz_utils_vendor:/opt/ros/jazzy/opt/gz_tools_vendor:/opt/ros/jazzy/opt/gz_ogre_next_vendor:/opt/ros/jazzy/opt/gz_dartsim_vendor:/opt/ros/jazzy/opt/gz_cmake_vendor:/opt/ros/jazzy DEBUGINFOD_URLS=https://debuginfod.ubuntu.com /usr/bin/cmake --install /home/agvcore/HandWork/hand_ws/build/motor_control
[20.121s] -- Install configuration: ""
[20.121s] -- Installing: /home/agvcore/HandWork/hand_ws/install/motor_control/lib/motor_control/adapter_http
[20.134s] -- Set non-toolchain portion of runtime path of "/home/agvcore/HandWork/hand_ws/install/motor_control/lib/motor_control/adapter_http" to ""
[20.134s] -- Up-to-date: /home/agvcore/HandWork/hand_ws/install/motor_control/lib/motor_control/deal_http
[20.135s] -- Up-to-date: /home/agvcore/HandWork/hand_ws/install/motor_control/share/ament_index/resource_index/package_run_dependencies/motor_control
[20.135s] -- Up-to-date: /home/agvcore/HandWork/hand_ws/install/motor_control/share/ament_index/resource_index/parent_prefix_path/motor_control
[20.136s] -- Up-to-date: /home/agvcore/HandWork/hand_ws/install/motor_control/share/motor_control/environment/ament_prefix_path.sh
[20.136s] -- Up-to-date: /home/agvcore/HandWork/hand_ws/install/motor_control/share/motor_control/environment/ament_prefix_path.dsv
[20.136s] -- Up-to-date: /home/agvcore/HandWork/hand_ws/install/motor_control/share/motor_control/environment/path.sh
[20.136s] -- Up-to-date: /home/agvcore/HandWork/hand_ws/install/motor_control/share/motor_control/environment/path.dsv
[20.137s] -- Up-to-date: /home/agvcore/HandWork/hand_ws/install/motor_control/share/motor_control/local_setup.bash
[20.137s] -- Up-to-date: /home/agvcore/HandWork/hand_ws/install/motor_control/share/motor_control/local_setup.sh
[20.137s] -- Up-to-date: /home/agvcore/HandWork/hand_ws/install/motor_control/share/motor_control/local_setup.zsh
[20.138s] -- Up-to-date: /home/agvcore/HandWork/hand_ws/install/motor_control/share/motor_control/local_setup.dsv
[20.138s] -- Installing: /home/agvcore/HandWork/hand_ws/install/motor_control/share/motor_control/package.dsv
[20.138s] -- Up-to-date: /home/agvcore/HandWork/hand_ws/install/motor_control/share/ament_index/resource_index/packages/motor_control
[20.139s] -- Up-to-date: /home/agvcore/HandWork/hand_ws/install/motor_control/share/motor_control/cmake/motor_controlConfig.cmake
[20.139s] -- Up-to-date: /home/agvcore/HandWork/hand_ws/install/motor_control/share/motor_control/cmake/motor_controlConfig-version.cmake
[20.139s] -- Up-to-date: /home/agvcore/HandWork/hand_ws/install/motor_control/share/motor_control/package.xml
[20.141s] Invoked command in '/home/agvcore/HandWork/hand_ws/build/motor_control' returned '0': CMAKE_PREFIX_PATH=/home/agvcore/HandWork/hand_ws/install/motor_control_command_msgs:/home/agvcore/HandWork/hand_ws/install/nlohmann_json:/home/agvcore/HandWork/hand_ws/install/motor_control:/home/agvcore/HandWork/hand_ws/install/httplib:/opt/ros/jazzy/opt/gz_sim_vendor:/opt/ros/jazzy/opt/gz_sensors_vendor:/opt/ros/jazzy/opt/gz_physics_vendor:/opt/ros/jazzy/opt/sdformat_vendor:/opt/ros/jazzy/opt/gz_gui_vendor:/opt/ros/jazzy/opt/gz_transport_vendor:/opt/ros/jazzy/opt/gz_rendering_vendor:/opt/ros/jazzy/opt/gz_plugin_vendor:/opt/ros/jazzy/opt/gz_fuel_tools_vendor:/opt/ros/jazzy/opt/gz_msgs_vendor:/opt/ros/jazzy/opt/gz_common_vendor:/opt/ros/jazzy/opt/gz_math_vendor:/opt/ros/jazzy/opt/gz_utils_vendor:/opt/ros/jazzy/opt/gz_tools_vendor:/opt/ros/jazzy/opt/gz_ogre_next_vendor:/opt/ros/jazzy/opt/gz_dartsim_vendor:/opt/ros/jazzy/opt/gz_cmake_vendor:/opt/ros/jazzy DEBUGINFOD_URLS=https://debuginfod.ubuntu.com /usr/bin/cmake --install /home/agvcore/HandWork/hand_ws/build/motor_control
