-- Found ament_cmake: 2.5.2 (/opt/ros/jazzy/share/ament_cmake/cmake)
-- Found rclcpp: 28.1.6 (/opt/ros/jazzy/share/rclcpp/cmake)
-- Found rosidl_generator_c: 4.6.4 (/opt/ros/jazzy/share/rosidl_generator_c/cmake)
-- Found rosidl_generator_cpp: 4.6.4 (/opt/ros/jazzy/share/rosidl_generator_cpp/cmake)
-- Using all available rosidl_typesupport_c: rosidl_typesupport_fastrtps_c;rosidl_typesupport_introspection_c
-- Using all available rosidl_typesupport_cpp: rosidl_typesupport_fastrtps_cpp;rosidl_typesupport_introspection_cpp
-- Found rmw_implementation_cmake: 7.3.1 (/opt/ros/jazzy/share/rmw_implementation_cmake/cmake)
-- Found rmw_cyclonedds_cpp: 2.2.2 (/opt/ros/jazzy/share/rmw_cyclonedds_cpp/cmake)
-- Using RMW implementation 'rmw_cyclonedds_cpp' as default
-- Found std_msgs: 5.3.5 (/opt/ros/jazzy/share/std_msgs/cmake)
-- Found motor_control_command_msgs: 0.0.0 (/home/agvcore/HandWork/hand_ws/install/motor_control_command_msgs/share/motor_control_command_msgs/cmake)
-- Configuring done (0.5s)
-- Generating done (0.0s)
-- Build files have been written to: /home/agvcore/HandWork/hand_ws/build/motor_control
[ 25%] [32mBuilding CXX object CMakeFiles/adapter_http.dir/src/adapter_http.cpp.o[0m
[ 50%] [32mBuilding CXX object CMakeFiles/deal_http.dir/src/deal_http.cpp.o[0m
[01m[K/home/agvcore/HandWork/hand_ws/src/multi_motor_ros2/motor_control/src/adapter_http.cpp:2:10:[m[K [01;31m[Kfatal error: [m[Khttplib.h: æ²¡æœ‰é‚£ä¸ªæ–‡ä»¶æˆ–ç›®å½•
    2 | #include [01;31m[K"httplib.h"[m[K
      |          [01;31m[K^~~~~~~~~~~[m[K
compilation terminated.
gmake[2]: *** [CMakeFiles/adapter_http.dir/build.make:76ï¼šCMakeFiles/adapter_http.dir/src/adapter_http.cpp.o] é”™è¯¯ 1
gmake[1]: *** [CMakeFiles/Makefile2:139ï¼šCMakeFiles/adapter_http.dir/all] é”™è¯¯ 2
gmake[1]: *** æ­£åœ¨ç­‰å¾…æœªå®Œæˆçš„ä»»åŠ¡....
[ 75%] [32m[1mLinking CXX executable deal_http[0m
[ 75%] Built target deal_http
gmake: *** [Makefile:146ï¼šall] é”™è¯¯ 2
