[0.025s] Invoking command in '/home/agvcore/HandWork/hand_ws/build/motor_control': AMENT_PREFIX_PATH=/home/agvcore/HandWork/hand_ws/install/motor_control_command_msgs:${AMENT_PREFIX_PATH} CMAKE_PREFIX_PATH=/home/agvcore/HandWork/hand_ws/install/motor_control_command_msgs:/opt/ros/jazzy/opt/gz_sim_vendor:/opt/ros/jazzy/opt/gz_sensors_vendor:/opt/ros/jazzy/opt/gz_physics_vendor:/opt/ros/jazzy/opt/sdformat_vendor:/opt/ros/jazzy/opt/gz_gui_vendor:/opt/ros/jazzy/opt/gz_transport_vendor:/opt/ros/jazzy/opt/gz_rendering_vendor:/opt/ros/jazzy/opt/gz_plugin_vendor:/opt/ros/jazzy/opt/gz_fuel_tools_vendor:/opt/ros/jazzy/opt/gz_msgs_vendor:/opt/ros/jazzy/opt/gz_common_vendor:/opt/ros/jazzy/opt/gz_math_vendor:/opt/ros/jazzy/opt/gz_utils_vendor:/opt/ros/jazzy/opt/gz_tools_vendor:/opt/ros/jazzy/opt/gz_ogre_next_vendor:/opt/ros/jazzy/opt/gz_dartsim_vendor:/opt/ros/jazzy/opt/gz_cmake_vendor:/opt/ros/jazzy DEBUGINFOD_URLS=https://debuginfod.ubuntu.com LD_LIBRARY_PATH=/home/agvcore/HandWork/hand_ws/install/motor_control_command_msgs/lib:${LD_LIBRARY_PATH} PYTHONPATH=/home/agvcore/HandWork/hand_ws/install/motor_control_command_msgs/lib/python3.12/site-packages:${PYTHONPATH} /usr/bin/cmake --build /home/agvcore/HandWork/hand_ws/build/motor_control -- -j8 -l8
[0.056s] -- Found ament_cmake: 2.5.2 (/opt/ros/jazzy/share/ament_cmake/cmake)
[0.265s] -- Found rclcpp: 28.1.6 (/opt/ros/jazzy/share/rclcpp/cmake)
[0.287s] -- Found rosidl_generator_c: 4.6.4 (/opt/ros/jazzy/share/rosidl_generator_c/cmake)
[0.294s] -- Found rosidl_generator_cpp: 4.6.4 (/opt/ros/jazzy/share/rosidl_generator_cpp/cmake)
[0.310s] -- Using all available rosidl_typesupport_c: rosidl_typesupport_fastrtps_c;rosidl_typesupport_introspection_c
[0.321s] -- Using all available rosidl_typesupport_cpp: rosidl_typesupport_fastrtps_cpp;rosidl_typesupport_introspection_cpp
[0.369s] -- Found rmw_implementation_cmake: 7.3.1 (/opt/ros/jazzy/share/rmw_implementation_cmake/cmake)
[0.370s] -- Found rmw_cyclonedds_cpp: 2.2.2 (/opt/ros/jazzy/share/rmw_cyclonedds_cpp/cmake)
[0.387s] -- Using RMW implementation 'rmw_cyclonedds_cpp' as default
[0.432s] -- Found std_msgs: 5.3.5 (/opt/ros/jazzy/share/std_msgs/cmake)
[0.442s] -- Found motor_control_command_msgs: 0.0.0 (/home/agvcore/HandWork/hand_ws/install/motor_control_command_msgs/share/motor_control_command_msgs/cmake)
[0.545s] -- Configuring done (0.5s)
[0.559s] -- Generating done (0.0s)
[0.560s] -- Build files have been written to: /home/agvcore/HandWork/hand_ws/build/motor_control
[0.616s] [ 25%] [32mBuilding CXX object CMakeFiles/adapter_http.dir/src/adapter_http.cpp.o[0m
[0.626s] [ 50%] [32mBuilding CXX object CMakeFiles/deal_http.dir/src/deal_http.cpp.o[0m
[0.985s] [01m[K/home/agvcore/HandWork/hand_ws/src/multi_motor_ros2/motor_control/src/adapter_http.cpp:2:10:[m[K [01;31m[Kfatal error: [m[Khttplib.h: 没有那个文件或目录
[0.986s]     2 | #include [01;31m[K"httplib.h"[m[K
[0.986s]       |          [01;31m[K^~~~~~~~~~~[m[K
[0.986s] compilation terminated.
[0.990s] gmake[2]: *** [CMakeFiles/adapter_http.dir/build.make:76：CMakeFiles/adapter_http.dir/src/adapter_http.cpp.o] 错误 1
[0.991s] gmake[1]: *** [CMakeFiles/Makefile2:139：CMakeFiles/adapter_http.dir/all] 错误 2
[0.991s] gmake[1]: *** 正在等待未完成的任务....
[9.524s] [ 75%] [32m[1mLinking CXX executable deal_http[0m
[9.845s] [ 75%] Built target deal_http
[9.847s] gmake: *** [Makefile:146：all] 错误 2
[9.849s] Invoked command in '/home/agvcore/HandWork/hand_ws/build/motor_control' returned '2': AMENT_PREFIX_PATH=/home/agvcore/HandWork/hand_ws/install/motor_control_command_msgs:${AMENT_PREFIX_PATH} CMAKE_PREFIX_PATH=/home/agvcore/HandWork/hand_ws/install/motor_control_command_msgs:/opt/ros/jazzy/opt/gz_sim_vendor:/opt/ros/jazzy/opt/gz_sensors_vendor:/opt/ros/jazzy/opt/gz_physics_vendor:/opt/ros/jazzy/opt/sdformat_vendor:/opt/ros/jazzy/opt/gz_gui_vendor:/opt/ros/jazzy/opt/gz_transport_vendor:/opt/ros/jazzy/opt/gz_rendering_vendor:/opt/ros/jazzy/opt/gz_plugin_vendor:/opt/ros/jazzy/opt/gz_fuel_tools_vendor:/opt/ros/jazzy/opt/gz_msgs_vendor:/opt/ros/jazzy/opt/gz_common_vendor:/opt/ros/jazzy/opt/gz_math_vendor:/opt/ros/jazzy/opt/gz_utils_vendor:/opt/ros/jazzy/opt/gz_tools_vendor:/opt/ros/jazzy/opt/gz_ogre_next_vendor:/opt/ros/jazzy/opt/gz_dartsim_vendor:/opt/ros/jazzy/opt/gz_cmake_vendor:/opt/ros/jazzy DEBUGINFOD_URLS=https://debuginfod.ubuntu.com LD_LIBRARY_PATH=/home/agvcore/HandWork/hand_ws/install/motor_control_command_msgs/lib:${LD_LIBRARY_PATH} PYTHONPATH=/home/agvcore/HandWork/hand_ws/install/motor_control_command_msgs/lib/python3.12/site-packages:${PYTHONPATH} /usr/bin/cmake --build /home/agvcore/HandWork/hand_ws/build/motor_control -- -j8 -l8
