[100%] Built target adapter_http
[100%] Built target deal_http
-- Install configuration: ""
-- Up-to-date: /home/agvcore/HandWork/hand_ws/install/motor_control/lib/motor_control/adapter_http
-- Up-to-date: /home/agvcore/HandWork/hand_ws/install/motor_control/lib/motor_control/deal_http
-- Up-to-date: /home/agvcore/HandWork/hand_ws/install/motor_control/share/ament_index/resource_index/package_run_dependencies/motor_control
-- Up-to-date: /home/agvcore/HandWork/hand_ws/install/motor_control/share/ament_index/resource_index/parent_prefix_path/motor_control
-- Up-to-date: /home/agvcore/HandWork/hand_ws/install/motor_control/share/motor_control/environment/ament_prefix_path.sh
-- Up-to-date: /home/agvcore/HandWork/hand_ws/install/motor_control/share/motor_control/environment/ament_prefix_path.dsv
-- Up-to-date: /home/agvcore/HandWork/hand_ws/install/motor_control/share/motor_control/environment/path.sh
-- Up-to-date: /home/agvcore/HandWork/hand_ws/install/motor_control/share/motor_control/environment/path.dsv
-- Up-to-date: /home/agvcore/HandWork/hand_ws/install/motor_control/share/motor_control/local_setup.bash
-- Up-to-date: /home/agvcore/HandWork/hand_ws/install/motor_control/share/motor_control/local_setup.sh
-- Up-to-date: /home/agvcore/HandWork/hand_ws/install/motor_control/share/motor_control/local_setup.zsh
-- Up-to-date: /home/agvcore/HandWork/hand_ws/install/motor_control/share/motor_control/local_setup.dsv
-- Installing: /home/agvcore/HandWork/hand_ws/install/motor_control/share/motor_control/package.dsv
-- Up-to-date: /home/agvcore/HandWork/hand_ws/install/motor_control/share/ament_index/resource_index/packages/motor_control
-- Up-to-date: /home/agvcore/HandWork/hand_ws/install/motor_control/share/motor_control/cmake/motor_controlConfig.cmake
-- Up-to-date: /home/agvcore/HandWork/hand_ws/install/motor_control/share/motor_control/cmake/motor_controlConfig-version.cmake
-- Up-to-date: /home/agvcore/HandWork/hand_ws/install/motor_control/share/motor_control/package.xml
