[0.032s] Invoking command in '/home/agvcore/HandWork/hand_ws/build/motor_control': AMENT_PREFIX_PATH=/home/agvcore/HandWork/hand_ws/install/motor_control_command_msgs:${AMENT_PREFIX_PATH} CMAKE_PREFIX_PATH=/home/agvcore/HandWork/hand_ws/install/motor_control_command_msgs:/opt/ros/jazzy/opt/gz_sim_vendor:/opt/ros/jazzy/opt/gz_sensors_vendor:/opt/ros/jazzy/opt/gz_physics_vendor:/opt/ros/jazzy/opt/sdformat_vendor:/opt/ros/jazzy/opt/gz_gui_vendor:/opt/ros/jazzy/opt/gz_transport_vendor:/opt/ros/jazzy/opt/gz_rendering_vendor:/opt/ros/jazzy/opt/gz_plugin_vendor:/opt/ros/jazzy/opt/gz_fuel_tools_vendor:/opt/ros/jazzy/opt/gz_msgs_vendor:/opt/ros/jazzy/opt/gz_common_vendor:/opt/ros/jazzy/opt/gz_math_vendor:/opt/ros/jazzy/opt/gz_utils_vendor:/opt/ros/jazzy/opt/gz_tools_vendor:/opt/ros/jazzy/opt/gz_ogre_next_vendor:/opt/ros/jazzy/opt/gz_dartsim_vendor:/opt/ros/jazzy/opt/gz_cmake_vendor:/opt/ros/jazzy DEBUGINFOD_URLS=https://debuginfod.ubuntu.com LD_LIBRARY_PATH=/home/agvcore/HandWork/hand_ws/install/motor_control_command_msgs/lib:${LD_LIBRARY_PATH} PYTHONPATH=/home/agvcore/HandWork/hand_ws/install/motor_control_command_msgs/lib/python3.12/site-packages:${PYTHONPATH} /usr/bin/cmake --build /home/agvcore/HandWork/hand_ws/build/motor_control -- -j8 -l8
[0.119s] [ 50%] [32mBuilding CXX object CMakeFiles/deal_http.dir/src/deal_http.cpp.o[0m
[0.120s] [ 50%] [32mBuilding CXX object CMakeFiles/adapter_http.dir/src/adapter_http.cpp.o[0m
[11.653s] [ 75%] [32m[1mLinking CXX executable deal_http[0m
[12.155s] [ 75%] Built target deal_http
[15.883s] [100%] [32m[1mLinking CXX executable adapter_http[0m
[16.301s] [100%] Built target adapter_http
[16.325s] Invoked command in '/home/agvcore/HandWork/hand_ws/build/motor_control' returned '0': AMENT_PREFIX_PATH=/home/agvcore/HandWork/hand_ws/install/motor_control_command_msgs:${AMENT_PREFIX_PATH} CMAKE_PREFIX_PATH=/home/agvcore/HandWork/hand_ws/install/motor_control_command_msgs:/opt/ros/jazzy/opt/gz_sim_vendor:/opt/ros/jazzy/opt/gz_sensors_vendor:/opt/ros/jazzy/opt/gz_physics_vendor:/opt/ros/jazzy/opt/sdformat_vendor:/opt/ros/jazzy/opt/gz_gui_vendor:/opt/ros/jazzy/opt/gz_transport_vendor:/opt/ros/jazzy/opt/gz_rendering_vendor:/opt/ros/jazzy/opt/gz_plugin_vendor:/opt/ros/jazzy/opt/gz_fuel_tools_vendor:/opt/ros/jazzy/opt/gz_msgs_vendor:/opt/ros/jazzy/opt/gz_common_vendor:/opt/ros/jazzy/opt/gz_math_vendor:/opt/ros/jazzy/opt/gz_utils_vendor:/opt/ros/jazzy/opt/gz_tools_vendor:/opt/ros/jazzy/opt/gz_ogre_next_vendor:/opt/ros/jazzy/opt/gz_dartsim_vendor:/opt/ros/jazzy/opt/gz_cmake_vendor:/opt/ros/jazzy DEBUGINFOD_URLS=https://debuginfod.ubuntu.com LD_LIBRARY_PATH=/home/agvcore/HandWork/hand_ws/install/motor_control_command_msgs/lib:${LD_LIBRARY_PATH} PYTHONPATH=/home/agvcore/HandWork/hand_ws/install/motor_control_command_msgs/lib/python3.12/site-packages:${PYTHONPATH} /usr/bin/cmake --build /home/agvcore/HandWork/hand_ws/build/motor_control -- -j8 -l8
[16.405s] Invoking command in '/home/agvcore/HandWork/hand_ws/build/motor_control': AMENT_PREFIX_PATH=/home/agvcore/HandWork/hand_ws/install/motor_control_command_msgs:${AMENT_PREFIX_PATH} CMAKE_PREFIX_PATH=/home/agvcore/HandWork/hand_ws/install/motor_control_command_msgs:/opt/ros/jazzy/opt/gz_sim_vendor:/opt/ros/jazzy/opt/gz_sensors_vendor:/opt/ros/jazzy/opt/gz_physics_vendor:/opt/ros/jazzy/opt/sdformat_vendor:/opt/ros/jazzy/opt/gz_gui_vendor:/opt/ros/jazzy/opt/gz_transport_vendor:/opt/ros/jazzy/opt/gz_rendering_vendor:/opt/ros/jazzy/opt/gz_plugin_vendor:/opt/ros/jazzy/opt/gz_fuel_tools_vendor:/opt/ros/jazzy/opt/gz_msgs_vendor:/opt/ros/jazzy/opt/gz_common_vendor:/opt/ros/jazzy/opt/gz_math_vendor:/opt/ros/jazzy/opt/gz_utils_vendor:/opt/ros/jazzy/opt/gz_tools_vendor:/opt/ros/jazzy/opt/gz_ogre_next_vendor:/opt/ros/jazzy/opt/gz_dartsim_vendor:/opt/ros/jazzy/opt/gz_cmake_vendor:/opt/ros/jazzy DEBUGINFOD_URLS=https://debuginfod.ubuntu.com LD_LIBRARY_PATH=/home/agvcore/HandWork/hand_ws/install/motor_control_command_msgs/lib:${LD_LIBRARY_PATH} PYTHONPATH=/home/agvcore/HandWork/hand_ws/install/motor_control_command_msgs/lib/python3.12/site-packages:${PYTHONPATH} /usr/bin/cmake --install /home/agvcore/HandWork/hand_ws/build/motor_control
[16.420s] -- Install configuration: ""
[16.422s] -- Installing: /home/agvcore/HandWork/hand_ws/install/motor_control/lib/motor_control/adapter_http
[16.431s] -- Set non-toolchain portion of runtime path of "/home/agvcore/HandWork/hand_ws/install/motor_control/lib/motor_control/adapter_http" to ""
[16.432s] -- Installing: /home/agvcore/HandWork/hand_ws/install/motor_control/lib/motor_control/deal_http
[16.439s] -- Set non-toolchain portion of runtime path of "/home/agvcore/HandWork/hand_ws/install/motor_control/lib/motor_control/deal_http" to ""
[16.439s] -- Up-to-date: /home/agvcore/HandWork/hand_ws/install/motor_control/share/ament_index/resource_index/package_run_dependencies/motor_control
[16.439s] -- Up-to-date: /home/agvcore/HandWork/hand_ws/install/motor_control/share/ament_index/resource_index/parent_prefix_path/motor_control
[16.439s] -- Up-to-date: /home/agvcore/HandWork/hand_ws/install/motor_control/share/motor_control/environment/ament_prefix_path.sh
[16.440s] -- Up-to-date: /home/agvcore/HandWork/hand_ws/install/motor_control/share/motor_control/environment/ament_prefix_path.dsv
[16.440s] -- Up-to-date: /home/agvcore/HandWork/hand_ws/install/motor_control/share/motor_control/environment/path.sh
[16.440s] -- Up-to-date: /home/agvcore/HandWork/hand_ws/install/motor_control/share/motor_control/environment/path.dsv
[16.440s] -- Up-to-date: /home/agvcore/HandWork/hand_ws/install/motor_control/share/motor_control/local_setup.bash
[16.440s] -- Up-to-date: /home/agvcore/HandWork/hand_ws/install/motor_control/share/motor_control/local_setup.sh
[16.440s] -- Up-to-date: /home/agvcore/HandWork/hand_ws/install/motor_control/share/motor_control/local_setup.zsh
[16.441s] -- Up-to-date: /home/agvcore/HandWork/hand_ws/install/motor_control/share/motor_control/local_setup.dsv
[16.441s] -- Installing: /home/agvcore/HandWork/hand_ws/install/motor_control/share/motor_control/package.dsv
[16.441s] -- Up-to-date: /home/agvcore/HandWork/hand_ws/install/motor_control/share/ament_index/resource_index/packages/motor_control
[16.441s] -- Up-to-date: /home/agvcore/HandWork/hand_ws/install/motor_control/share/motor_control/cmake/motor_controlConfig.cmake
[16.441s] -- Up-to-date: /home/agvcore/HandWork/hand_ws/install/motor_control/share/motor_control/cmake/motor_controlConfig-version.cmake
[16.441s] -- Up-to-date: /home/agvcore/HandWork/hand_ws/install/motor_control/share/motor_control/package.xml
[16.443s] Invoked command in '/home/agvcore/HandWork/hand_ws/build/motor_control' returned '0': AMENT_PREFIX_PATH=/home/agvcore/HandWork/hand_ws/install/motor_control_command_msgs:${AMENT_PREFIX_PATH} CMAKE_PREFIX_PATH=/home/agvcore/HandWork/hand_ws/install/motor_control_command_msgs:/opt/ros/jazzy/opt/gz_sim_vendor:/opt/ros/jazzy/opt/gz_sensors_vendor:/opt/ros/jazzy/opt/gz_physics_vendor:/opt/ros/jazzy/opt/sdformat_vendor:/opt/ros/jazzy/opt/gz_gui_vendor:/opt/ros/jazzy/opt/gz_transport_vendor:/opt/ros/jazzy/opt/gz_rendering_vendor:/opt/ros/jazzy/opt/gz_plugin_vendor:/opt/ros/jazzy/opt/gz_fuel_tools_vendor:/opt/ros/jazzy/opt/gz_msgs_vendor:/opt/ros/jazzy/opt/gz_common_vendor:/opt/ros/jazzy/opt/gz_math_vendor:/opt/ros/jazzy/opt/gz_utils_vendor:/opt/ros/jazzy/opt/gz_tools_vendor:/opt/ros/jazzy/opt/gz_ogre_next_vendor:/opt/ros/jazzy/opt/gz_dartsim_vendor:/opt/ros/jazzy/opt/gz_cmake_vendor:/opt/ros/jazzy DEBUGINFOD_URLS=https://debuginfod.ubuntu.com LD_LIBRARY_PATH=/home/agvcore/HandWork/hand_ws/install/motor_control_command_msgs/lib:${LD_LIBRARY_PATH} PYTHONPATH=/home/agvcore/HandWork/hand_ws/install/motor_control_command_msgs/lib/python3.12/site-packages:${PYTHONPATH} /usr/bin/cmake --install /home/agvcore/HandWork/hand_ws/build/motor_control
