[0.027s] Invoking command in '/home/agvcore/HandWork/hand_ws/build/motor_control_command_msgs': CMAKE_PREFIX_PATH=${CMAKE_PREFIX_PATH}:/opt/ros/jazzy DEBUGINFOD_URLS=https://debuginfod.ubuntu.com /usr/bin/cmake --build /home/agvcore/HandWork/hand_ws/build/motor_control_command_msgs -- -j8 -l8
[0.112s] [  2%] Built target motor_control_command_msgs__rosidl_generator_type_description
[0.131s] [  2%] Built target ament_cmake_python_copy_motor_control_command_msgs
[0.148s] [  4%] Built target motor_control_command_msgs__cpp
[0.151s] [ 22%] Built target motor_control_command_msgs__rosidl_generator_c
[0.230s] [ 31%] Built target motor_control_command_msgs__rosidl_typesupport_cpp
[0.230s] [ 40%] Built target motor_control_command_msgs__rosidl_typesupport_c
[0.253s] [ 50%] Built target motor_control_command_msgs__rosidl_typesupport_fastrtps_c
[0.256s] [ 59%] Built target motor_control_command_msgs__rosidl_typesupport_introspection_cpp
[0.266s] [ 68%] Built target motor_control_command_msgs__rosidl_typesupport_introspection_c
[0.267s] [ 77%] Built target motor_control_command_msgs__rosidl_typesupport_fastrtps_cpp
[0.299s] [ 77%] Built target motor_control_command_msgs
[0.337s] [ 79%] Built target motor_control_command_msgs__py
[0.383s] [ 86%] Built target motor_control_command_msgs__rosidl_generator_py
[0.426s] [ 90%] Built target motor_control_command_msgs_s__rosidl_typesupport_fastrtps_c
[0.426s] [100%] Built target motor_control_command_msgs_s__rosidl_typesupport_introspection_c
[0.427s] [ 95%] Built target motor_control_command_msgs_s__rosidl_typesupport_c
[0.513s] running egg_info
[0.545s] writing motor_control_command_msgs.egg-info/PKG-INFO
[0.545s] writing dependency_links to motor_control_command_msgs.egg-info/dependency_links.txt
[0.546s] writing top-level names to motor_control_command_msgs.egg-info/top_level.txt
[0.628s] reading manifest file 'motor_control_command_msgs.egg-info/SOURCES.txt'
[0.629s] writing manifest file 'motor_control_command_msgs.egg-info/SOURCES.txt'
[0.667s] [100%] Built target ament_cmake_python_build_motor_control_command_msgs_egg
[0.682s] Invoked command in '/home/agvcore/HandWork/hand_ws/build/motor_control_command_msgs' returned '0': CMAKE_PREFIX_PATH=${CMAKE_PREFIX_PATH}:/opt/ros/jazzy DEBUGINFOD_URLS=https://debuginfod.ubuntu.com /usr/bin/cmake --build /home/agvcore/HandWork/hand_ws/build/motor_control_command_msgs -- -j8 -l8
[0.835s] Invoking command in '/home/agvcore/HandWork/hand_ws/build/motor_control_command_msgs': CMAKE_PREFIX_PATH=${CMAKE_PREFIX_PATH}:/opt/ros/jazzy DEBUGINFOD_URLS=https://debuginfod.ubuntu.com /usr/bin/cmake --install /home/agvcore/HandWork/hand_ws/build/motor_control_command_msgs
[0.854s] -- Install configuration: ""
[0.854s] -- Up-to-date: /home/agvcore/HandWork/hand_ws/install/motor_control_command_msgs/share/ament_index/resource_index/rosidl_interfaces/motor_control_command_msgs
[0.854s] -- Up-to-date: /home/agvcore/HandWork/hand_ws/install/motor_control_command_msgs/share/motor_control_command_msgs/msg/Motor.json
[0.855s] -- Up-to-date: /home/agvcore/HandWork/hand_ws/install/motor_control_command_msgs/share/motor_control_command_msgs/msg/MotorControlCommand.json
[0.855s] -- Up-to-date: /home/agvcore/HandWork/hand_ws/install/motor_control_command_msgs/include/motor_control_command_msgs/motor_control_command_msgs
[0.855s] -- Up-to-date: /home/agvcore/HandWork/hand_ws/install/motor_control_command_msgs/include/motor_control_command_msgs/motor_control_command_msgs/msg
[0.855s] -- Up-to-date: /home/agvcore/HandWork/hand_ws/install/motor_control_command_msgs/include/motor_control_command_msgs/motor_control_command_msgs/msg/motor.h
[0.856s] -- Up-to-date: /home/agvcore/HandWork/hand_ws/install/motor_control_command_msgs/include/motor_control_command_msgs/motor_control_command_msgs/msg/rosidl_generator_c__visibility_control.h
[0.856s] -- Up-to-date: /home/agvcore/HandWork/hand_ws/install/motor_control_command_msgs/include/motor_control_command_msgs/motor_control_command_msgs/msg/detail
[0.856s] -- Up-to-date: /home/agvcore/HandWork/hand_ws/install/motor_control_command_msgs/include/motor_control_command_msgs/motor_control_command_msgs/msg/detail/motor_control_command__type_support.h
[0.856s] -- Up-to-date: /home/agvcore/HandWork/hand_ws/install/motor_control_command_msgs/include/motor_control_command_msgs/motor_control_command_msgs/msg/detail/motor_control_command__description.c
[0.856s] -- Up-to-date: /home/agvcore/HandWork/hand_ws/install/motor_control_command_msgs/include/motor_control_command_msgs/motor_control_command_msgs/msg/detail/motor_control_command__functions.c
[0.857s] -- Up-to-date: /home/agvcore/HandWork/hand_ws/install/motor_control_command_msgs/include/motor_control_command_msgs/motor_control_command_msgs/msg/detail/motor_control_command__struct.h
[0.857s] -- Up-to-date: /home/agvcore/HandWork/hand_ws/install/motor_control_command_msgs/include/motor_control_command_msgs/motor_control_command_msgs/msg/detail/motor__type_support.h
[0.857s] -- Up-to-date: /home/agvcore/HandWork/hand_ws/install/motor_control_command_msgs/include/motor_control_command_msgs/motor_control_command_msgs/msg/detail/motor__struct.h
[0.857s] -- Up-to-date: /home/agvcore/HandWork/hand_ws/install/motor_control_command_msgs/include/motor_control_command_msgs/motor_control_command_msgs/msg/detail/motor__functions.c
[0.858s] -- Up-to-date: /home/agvcore/HandWork/hand_ws/install/motor_control_command_msgs/include/motor_control_command_msgs/motor_control_command_msgs/msg/detail/motor__description.c
[0.858s] -- Up-to-date: /home/agvcore/HandWork/hand_ws/install/motor_control_command_msgs/include/motor_control_command_msgs/motor_control_command_msgs/msg/detail/motor__type_support.c
[0.858s] -- Up-to-date: /home/agvcore/HandWork/hand_ws/install/motor_control_command_msgs/include/motor_control_command_msgs/motor_control_command_msgs/msg/detail/motor__functions.h
[0.858s] -- Up-to-date: /home/agvcore/HandWork/hand_ws/install/motor_control_command_msgs/include/motor_control_command_msgs/motor_control_command_msgs/msg/detail/motor_control_command__functions.h
[0.858s] -- Up-to-date: /home/agvcore/HandWork/hand_ws/install/motor_control_command_msgs/include/motor_control_command_msgs/motor_control_command_msgs/msg/detail/motor_control_command__type_support.c
[0.859s] -- Up-to-date: /home/agvcore/HandWork/hand_ws/install/motor_control_command_msgs/include/motor_control_command_msgs/motor_control_command_msgs/msg/motor_control_command.h
[0.859s] -- Up-to-date: /home/agvcore/HandWork/hand_ws/install/motor_control_command_msgs/share/motor_control_command_msgs/environment/library_path.sh
[0.859s] -- Up-to-date: /home/agvcore/HandWork/hand_ws/install/motor_control_command_msgs/share/motor_control_command_msgs/environment/library_path.dsv
[0.860s] -- Up-to-date: /home/agvcore/HandWork/hand_ws/install/motor_control_command_msgs/lib/libmotor_control_command_msgs__rosidl_generator_c.so
[0.860s] -- Up-to-date: /home/agvcore/HandWork/hand_ws/install/motor_control_command_msgs/include/motor_control_command_msgs/motor_control_command_msgs
[0.860s] -- Up-to-date: /home/agvcore/HandWork/hand_ws/install/motor_control_command_msgs/include/motor_control_command_msgs/motor_control_command_msgs/msg
[0.860s] -- Up-to-date: /home/agvcore/HandWork/hand_ws/install/motor_control_command_msgs/include/motor_control_command_msgs/motor_control_command_msgs/msg/detail
[0.861s] -- Up-to-date: /home/agvcore/HandWork/hand_ws/install/motor_control_command_msgs/include/motor_control_command_msgs/motor_control_command_msgs/msg/detail/motor_control_command__rosidl_typesupport_fastrtps_c.h
[0.861s] -- Up-to-date: /home/agvcore/HandWork/hand_ws/install/motor_control_command_msgs/include/motor_control_command_msgs/motor_control_command_msgs/msg/detail/motor__rosidl_typesupport_fastrtps_c.h
[0.861s] -- Up-to-date: /home/agvcore/HandWork/hand_ws/install/motor_control_command_msgs/include/motor_control_command_msgs/motor_control_command_msgs/msg/rosidl_typesupport_fastrtps_c__visibility_control.h
[0.861s] -- Up-to-date: /home/agvcore/HandWork/hand_ws/install/motor_control_command_msgs/lib/libmotor_control_command_msgs__rosidl_typesupport_fastrtps_c.so
[0.861s] -- Up-to-date: /home/agvcore/HandWork/hand_ws/install/motor_control_command_msgs/include/motor_control_command_msgs/motor_control_command_msgs
[0.862s] -- Up-to-date: /home/agvcore/HandWork/hand_ws/install/motor_control_command_msgs/include/motor_control_command_msgs/motor_control_command_msgs/msg
[0.862s] -- Up-to-date: /home/agvcore/HandWork/hand_ws/install/motor_control_command_msgs/include/motor_control_command_msgs/motor_control_command_msgs/msg/motor.hpp
[0.862s] -- Up-to-date: /home/agvcore/HandWork/hand_ws/install/motor_control_command_msgs/include/motor_control_command_msgs/motor_control_command_msgs/msg/detail
[0.862s] -- Up-to-date: /home/agvcore/HandWork/hand_ws/install/motor_control_command_msgs/include/motor_control_command_msgs/motor_control_command_msgs/msg/detail/motor_control_command__traits.hpp
[0.862s] -- Up-to-date: /home/agvcore/HandWork/hand_ws/install/motor_control_command_msgs/include/motor_control_command_msgs/motor_control_command_msgs/msg/detail/motor_control_command__builder.hpp
[0.863s] -- Up-to-date: /home/agvcore/HandWork/hand_ws/install/motor_control_command_msgs/include/motor_control_command_msgs/motor_control_command_msgs/msg/detail/motor__struct.hpp
[0.863s] -- Up-to-date: /home/agvcore/HandWork/hand_ws/install/motor_control_command_msgs/include/motor_control_command_msgs/motor_control_command_msgs/msg/detail/motor__builder.hpp
[0.863s] -- Up-to-date: /home/agvcore/HandWork/hand_ws/install/motor_control_command_msgs/include/motor_control_command_msgs/motor_control_command_msgs/msg/detail/motor__type_support.hpp
[0.863s] -- Up-to-date: /home/agvcore/HandWork/hand_ws/install/motor_control_command_msgs/include/motor_control_command_msgs/motor_control_command_msgs/msg/detail/motor_control_command__struct.hpp
[0.863s] -- Up-to-date: /home/agvcore/HandWork/hand_ws/install/motor_control_command_msgs/include/motor_control_command_msgs/motor_control_command_msgs/msg/detail/motor__traits.hpp
[0.864s] -- Up-to-date: /home/agvcore/HandWork/hand_ws/install/motor_control_command_msgs/include/motor_control_command_msgs/motor_control_command_msgs/msg/detail/motor_control_command__type_support.hpp
[0.864s] -- Up-to-date: /home/agvcore/HandWork/hand_ws/install/motor_control_command_msgs/include/motor_control_command_msgs/motor_control_command_msgs/msg/rosidl_generator_cpp__visibility_control.hpp
[0.864s] -- Up-to-date: /home/agvcore/HandWork/hand_ws/install/motor_control_command_msgs/include/motor_control_command_msgs/motor_control_command_msgs/msg/motor_control_command.hpp
[0.864s] -- Up-to-date: /home/agvcore/HandWork/hand_ws/install/motor_control_command_msgs/include/motor_control_command_msgs/motor_control_command_msgs
[0.864s] -- Up-to-date: /home/agvcore/HandWork/hand_ws/install/motor_control_command_msgs/include/motor_control_command_msgs/motor_control_command_msgs/msg
[0.864s] -- Up-to-date: /home/agvcore/HandWork/hand_ws/install/motor_control_command_msgs/include/motor_control_command_msgs/motor_control_command_msgs/msg/detail
[0.864s] -- Up-to-date: /home/agvcore/HandWork/hand_ws/install/motor_control_command_msgs/include/motor_control_command_msgs/motor_control_command_msgs/msg/detail/motor_control_command__rosidl_typesupport_fastrtps_cpp.hpp
[0.865s] -- Up-to-date: /home/agvcore/HandWork/hand_ws/install/motor_control_command_msgs/include/motor_control_command_msgs/motor_control_command_msgs/msg/detail/dds_fastrtps
[0.865s] -- Up-to-date: /home/agvcore/HandWork/hand_ws/install/motor_control_command_msgs/include/motor_control_command_msgs/motor_control_command_msgs/msg/detail/motor__rosidl_typesupport_fastrtps_cpp.hpp
[0.865s] -- Up-to-date: /home/agvcore/HandWork/hand_ws/install/motor_control_command_msgs/include/motor_control_command_msgs/motor_control_command_msgs/msg/rosidl_typesupport_fastrtps_cpp__visibility_control.h
[0.865s] -- Up-to-date: /home/agvcore/HandWork/hand_ws/install/motor_control_command_msgs/lib/libmotor_control_command_msgs__rosidl_typesupport_fastrtps_cpp.so
[0.865s] -- Up-to-date: /home/agvcore/HandWork/hand_ws/install/motor_control_command_msgs/include/motor_control_command_msgs/motor_control_command_msgs
[0.865s] -- Up-to-date: /home/agvcore/HandWork/hand_ws/install/motor_control_command_msgs/include/motor_control_command_msgs/motor_control_command_msgs/msg
[0.865s] -- Up-to-date: /home/agvcore/HandWork/hand_ws/install/motor_control_command_msgs/include/motor_control_command_msgs/motor_control_command_msgs/msg/rosidl_typesupport_introspection_c__visibility_control.h
[0.866s] -- Up-to-date: /home/agvcore/HandWork/hand_ws/install/motor_control_command_msgs/include/motor_control_command_msgs/motor_control_command_msgs/msg/detail
[0.866s] -- Up-to-date: /home/agvcore/HandWork/hand_ws/install/motor_control_command_msgs/include/motor_control_command_msgs/motor_control_command_msgs/msg/detail/motor_control_command__rosidl_typesupport_introspection_c.h
[0.866s] -- Up-to-date: /home/agvcore/HandWork/hand_ws/install/motor_control_command_msgs/include/motor_control_command_msgs/motor_control_command_msgs/msg/detail/motor__rosidl_typesupport_introspection_c.h
[0.866s] -- Up-to-date: /home/agvcore/HandWork/hand_ws/install/motor_control_command_msgs/include/motor_control_command_msgs/motor_control_command_msgs/msg/detail/motor__type_support.c
[0.866s] -- Up-to-date: /home/agvcore/HandWork/hand_ws/install/motor_control_command_msgs/include/motor_control_command_msgs/motor_control_command_msgs/msg/detail/motor_control_command__type_support.c
[0.866s] -- Up-to-date: /home/agvcore/HandWork/hand_ws/install/motor_control_command_msgs/lib/libmotor_control_command_msgs__rosidl_typesupport_introspection_c.so
[0.866s] -- Up-to-date: /home/agvcore/HandWork/hand_ws/install/motor_control_command_msgs/lib/libmotor_control_command_msgs__rosidl_typesupport_c.so
[0.866s] -- Up-to-date: /home/agvcore/HandWork/hand_ws/install/motor_control_command_msgs/include/motor_control_command_msgs/motor_control_command_msgs
[0.866s] -- Up-to-date: /home/agvcore/HandWork/hand_ws/install/motor_control_command_msgs/include/motor_control_command_msgs/motor_control_command_msgs/msg
[0.866s] -- Up-to-date: /home/agvcore/HandWork/hand_ws/install/motor_control_command_msgs/include/motor_control_command_msgs/motor_control_command_msgs/msg/detail
[0.867s] -- Up-to-date: /home/agvcore/HandWork/hand_ws/install/motor_control_command_msgs/include/motor_control_command_msgs/motor_control_command_msgs/msg/detail/motor__type_support.cpp
[0.867s] -- Up-to-date: /home/agvcore/HandWork/hand_ws/install/motor_control_command_msgs/include/motor_control_command_msgs/motor_control_command_msgs/msg/detail/motor_control_command__type_support.cpp
[0.867s] -- Up-to-date: /home/agvcore/HandWork/hand_ws/install/motor_control_command_msgs/include/motor_control_command_msgs/motor_control_command_msgs/msg/detail/motor_control_command__rosidl_typesupport_introspection_cpp.hpp
[0.867s] -- Up-to-date: /home/agvcore/HandWork/hand_ws/install/motor_control_command_msgs/include/motor_control_command_msgs/motor_control_command_msgs/msg/detail/motor__rosidl_typesupport_introspection_cpp.hpp
[0.867s] -- Up-to-date: /home/agvcore/HandWork/hand_ws/install/motor_control_command_msgs/lib/libmotor_control_command_msgs__rosidl_typesupport_introspection_cpp.so
[0.867s] -- Up-to-date: /home/agvcore/HandWork/hand_ws/install/motor_control_command_msgs/lib/libmotor_control_command_msgs__rosidl_typesupport_cpp.so
[0.868s] -- Up-to-date: /home/agvcore/HandWork/hand_ws/install/motor_control_command_msgs/share/motor_control_command_msgs/environment/pythonpath.sh
[0.868s] -- Up-to-date: /home/agvcore/HandWork/hand_ws/install/motor_control_command_msgs/share/motor_control_command_msgs/environment/pythonpath.dsv
[0.868s] -- Up-to-date: /home/agvcore/HandWork/hand_ws/install/motor_control_command_msgs/lib/python3.12/site-packages/motor_control_command_msgs-0.0.0-py3.12.egg-info
[0.868s] -- Installing: /home/agvcore/HandWork/hand_ws/install/motor_control_command_msgs/lib/python3.12/site-packages/motor_control_command_msgs-0.0.0-py3.12.egg-info/SOURCES.txt
[0.868s] -- Installing: /home/agvcore/HandWork/hand_ws/install/motor_control_command_msgs/lib/python3.12/site-packages/motor_control_command_msgs-0.0.0-py3.12.egg-info/top_level.txt
[0.868s] -- Installing: /home/agvcore/HandWork/hand_ws/install/motor_control_command_msgs/lib/python3.12/site-packages/motor_control_command_msgs-0.0.0-py3.12.egg-info/dependency_links.txt
[0.868s] -- Installing: /home/agvcore/HandWork/hand_ws/install/motor_control_command_msgs/lib/python3.12/site-packages/motor_control_command_msgs-0.0.0-py3.12.egg-info/PKG-INFO
[0.868s] -- Up-to-date: /home/agvcore/HandWork/hand_ws/install/motor_control_command_msgs/lib/python3.12/site-packages/motor_control_command_msgs
[0.868s] -- Up-to-date: /home/agvcore/HandWork/hand_ws/install/motor_control_command_msgs/lib/python3.12/site-packages/motor_control_command_msgs/motor_control_command_msgs_s__rosidl_typesupport_c.so
[0.868s] -- Up-to-date: /home/agvcore/HandWork/hand_ws/install/motor_control_command_msgs/lib/python3.12/site-packages/motor_control_command_msgs/__init__.py
[0.869s] -- Up-to-date: /home/agvcore/HandWork/hand_ws/install/motor_control_command_msgs/lib/python3.12/site-packages/motor_control_command_msgs/_motor_control_command_msgs_s.ep.rosidl_typesupport_introspection_c.c
[0.869s] -- Up-to-date: /home/agvcore/HandWork/hand_ws/install/motor_control_command_msgs/lib/python3.12/site-packages/motor_control_command_msgs/motor_control_command_msgs_s__rosidl_typesupport_fastrtps_c.so
[0.869s] -- Up-to-date: /home/agvcore/HandWork/hand_ws/install/motor_control_command_msgs/lib/python3.12/site-packages/motor_control_command_msgs/_motor_control_command_msgs_s.ep.rosidl_typesupport_fastrtps_c.c
[0.869s] -- Up-to-date: /home/agvcore/HandWork/hand_ws/install/motor_control_command_msgs/lib/python3.12/site-packages/motor_control_command_msgs/motor_control_command_msgs_s__rosidl_typesupport_introspection_c.so
[0.869s] -- Up-to-date: /home/agvcore/HandWork/hand_ws/install/motor_control_command_msgs/lib/python3.12/site-packages/motor_control_command_msgs/_motor_control_command_msgs_s.ep.rosidl_typesupport_c.c
[0.869s] -- Up-to-date: /home/agvcore/HandWork/hand_ws/install/motor_control_command_msgs/lib/python3.12/site-packages/motor_control_command_msgs/msg
[0.869s] -- Up-to-date: /home/agvcore/HandWork/hand_ws/install/motor_control_command_msgs/lib/python3.12/site-packages/motor_control_command_msgs/msg/_motor_control_command.py
[0.869s] -- Up-to-date: /home/agvcore/HandWork/hand_ws/install/motor_control_command_msgs/lib/python3.12/site-packages/motor_control_command_msgs/msg/_motor_control_command_s.c
[0.869s] -- Up-to-date: /home/agvcore/HandWork/hand_ws/install/motor_control_command_msgs/lib/python3.12/site-packages/motor_control_command_msgs/msg/__init__.py
[0.869s] -- Up-to-date: /home/agvcore/HandWork/hand_ws/install/motor_control_command_msgs/lib/python3.12/site-packages/motor_control_command_msgs/msg/_motor_s.c
[0.870s] -- Up-to-date: /home/agvcore/HandWork/hand_ws/install/motor_control_command_msgs/lib/python3.12/site-packages/motor_control_command_msgs/msg/_motor.py
[0.913s] Listing '/home/agvcore/HandWork/hand_ws/install/motor_control_command_msgs/lib/python3.12/site-packages/motor_control_command_msgs'...
[0.914s] Listing '/home/agvcore/HandWork/hand_ws/install/motor_control_command_msgs/lib/python3.12/site-packages/motor_control_command_msgs/msg'...
[0.919s] -- Up-to-date: /home/agvcore/HandWork/hand_ws/install/motor_control_command_msgs/lib/python3.12/site-packages/motor_control_command_msgs/motor_control_command_msgs_s__rosidl_typesupport_fastrtps_c.so
[0.920s] -- Up-to-date: /home/agvcore/HandWork/hand_ws/install/motor_control_command_msgs/lib/python3.12/site-packages/motor_control_command_msgs/motor_control_command_msgs_s__rosidl_typesupport_introspection_c.so
[0.920s] -- Up-to-date: /home/agvcore/HandWork/hand_ws/install/motor_control_command_msgs/lib/python3.12/site-packages/motor_control_command_msgs/motor_control_command_msgs_s__rosidl_typesupport_c.so
[0.921s] -- Up-to-date: /home/agvcore/HandWork/hand_ws/install/motor_control_command_msgs/lib/libmotor_control_command_msgs__rosidl_generator_py.so
[0.921s] -- Up-to-date: /home/agvcore/HandWork/hand_ws/install/motor_control_command_msgs/share/motor_control_command_msgs/msg/Motor.idl
[0.921s] -- Up-to-date: /home/agvcore/HandWork/hand_ws/install/motor_control_command_msgs/share/motor_control_command_msgs/msg/MotorControlCommand.idl
[0.921s] -- Up-to-date: /home/agvcore/HandWork/hand_ws/install/motor_control_command_msgs/share/motor_control_command_msgs/msg/Motor.msg
[0.922s] -- Up-to-date: /home/agvcore/HandWork/hand_ws/install/motor_control_command_msgs/share/motor_control_command_msgs/msg/MotorControlCommand.msg
[0.922s] -- Up-to-date: /home/agvcore/HandWork/hand_ws/install/motor_control_command_msgs/share/ament_index/resource_index/package_run_dependencies/motor_control_command_msgs
[0.922s] -- Up-to-date: /home/agvcore/HandWork/hand_ws/install/motor_control_command_msgs/share/ament_index/resource_index/parent_prefix_path/motor_control_command_msgs
[0.922s] -- Up-to-date: /home/agvcore/HandWork/hand_ws/install/motor_control_command_msgs/share/motor_control_command_msgs/environment/ament_prefix_path.sh
[0.922s] -- Up-to-date: /home/agvcore/HandWork/hand_ws/install/motor_control_command_msgs/share/motor_control_command_msgs/environment/ament_prefix_path.dsv
[0.922s] -- Up-to-date: /home/agvcore/HandWork/hand_ws/install/motor_control_command_msgs/share/motor_control_command_msgs/environment/path.sh
[0.922s] -- Up-to-date: /home/agvcore/HandWork/hand_ws/install/motor_control_command_msgs/share/motor_control_command_msgs/environment/path.dsv
[0.923s] -- Up-to-date: /home/agvcore/HandWork/hand_ws/install/motor_control_command_msgs/share/motor_control_command_msgs/local_setup.bash
[0.923s] -- Up-to-date: /home/agvcore/HandWork/hand_ws/install/motor_control_command_msgs/share/motor_control_command_msgs/local_setup.sh
[0.923s] -- Up-to-date: /home/agvcore/HandWork/hand_ws/install/motor_control_command_msgs/share/motor_control_command_msgs/local_setup.zsh
[0.923s] -- Up-to-date: /home/agvcore/HandWork/hand_ws/install/motor_control_command_msgs/share/motor_control_command_msgs/local_setup.dsv
[0.924s] -- Installing: /home/agvcore/HandWork/hand_ws/install/motor_control_command_msgs/share/motor_control_command_msgs/package.dsv
[0.924s] -- Up-to-date: /home/agvcore/HandWork/hand_ws/install/motor_control_command_msgs/share/ament_index/resource_index/packages/motor_control_command_msgs
[0.924s] -- Up-to-date: /home/agvcore/HandWork/hand_ws/install/motor_control_command_msgs/share/motor_control_command_msgs/cmake/export_motor_control_command_msgs__rosidl_generator_cExport.cmake
[0.924s] -- Up-to-date: /home/agvcore/HandWork/hand_ws/install/motor_control_command_msgs/share/motor_control_command_msgs/cmake/export_motor_control_command_msgs__rosidl_generator_cExport-noconfig.cmake
[0.924s] -- Up-to-date: /home/agvcore/HandWork/hand_ws/install/motor_control_command_msgs/share/motor_control_command_msgs/cmake/export_motor_control_command_msgs__rosidl_typesupport_fastrtps_cExport.cmake
[0.924s] -- Up-to-date: /home/agvcore/HandWork/hand_ws/install/motor_control_command_msgs/share/motor_control_command_msgs/cmake/export_motor_control_command_msgs__rosidl_typesupport_fastrtps_cExport-noconfig.cmake
[0.925s] -- Up-to-date: /home/agvcore/HandWork/hand_ws/install/motor_control_command_msgs/share/motor_control_command_msgs/cmake/export_motor_control_command_msgs__rosidl_generator_cppExport.cmake
[0.925s] -- Up-to-date: /home/agvcore/HandWork/hand_ws/install/motor_control_command_msgs/share/motor_control_command_msgs/cmake/export_motor_control_command_msgs__rosidl_typesupport_fastrtps_cppExport.cmake
[0.925s] -- Up-to-date: /home/agvcore/HandWork/hand_ws/install/motor_control_command_msgs/share/motor_control_command_msgs/cmake/export_motor_control_command_msgs__rosidl_typesupport_fastrtps_cppExport-noconfig.cmake
[0.925s] -- Up-to-date: /home/agvcore/HandWork/hand_ws/install/motor_control_command_msgs/share/motor_control_command_msgs/cmake/motor_control_command_msgs__rosidl_typesupport_introspection_cExport.cmake
[0.925s] -- Up-to-date: /home/agvcore/HandWork/hand_ws/install/motor_control_command_msgs/share/motor_control_command_msgs/cmake/motor_control_command_msgs__rosidl_typesupport_introspection_cExport-noconfig.cmake
[0.925s] -- Up-to-date: /home/agvcore/HandWork/hand_ws/install/motor_control_command_msgs/share/motor_control_command_msgs/cmake/motor_control_command_msgs__rosidl_typesupport_cExport.cmake
[0.926s] -- Up-to-date: /home/agvcore/HandWork/hand_ws/install/motor_control_command_msgs/share/motor_control_command_msgs/cmake/motor_control_command_msgs__rosidl_typesupport_cExport-noconfig.cmake
[0.926s] -- Up-to-date: /home/agvcore/HandWork/hand_ws/install/motor_control_command_msgs/share/motor_control_command_msgs/cmake/motor_control_command_msgs__rosidl_typesupport_introspection_cppExport.cmake
[0.926s] -- Up-to-date: /home/agvcore/HandWork/hand_ws/install/motor_control_command_msgs/share/motor_control_command_msgs/cmake/motor_control_command_msgs__rosidl_typesupport_introspection_cppExport-noconfig.cmake
[0.926s] -- Up-to-date: /home/agvcore/HandWork/hand_ws/install/motor_control_command_msgs/share/motor_control_command_msgs/cmake/motor_control_command_msgs__rosidl_typesupport_cppExport.cmake
[0.926s] -- Up-to-date: /home/agvcore/HandWork/hand_ws/install/motor_control_command_msgs/share/motor_control_command_msgs/cmake/motor_control_command_msgs__rosidl_typesupport_cppExport-noconfig.cmake
[0.926s] -- Up-to-date: /home/agvcore/HandWork/hand_ws/install/motor_control_command_msgs/share/motor_control_command_msgs/cmake/export_motor_control_command_msgs__rosidl_generator_pyExport.cmake
[0.927s] -- Up-to-date: /home/agvcore/HandWork/hand_ws/install/motor_control_command_msgs/share/motor_control_command_msgs/cmake/export_motor_control_command_msgs__rosidl_generator_pyExport-noconfig.cmake
[0.927s] -- Up-to-date: /home/agvcore/HandWork/hand_ws/install/motor_control_command_msgs/share/motor_control_command_msgs/cmake/rosidl_cmake-extras.cmake
[0.927s] -- Up-to-date: /home/agvcore/HandWork/hand_ws/install/motor_control_command_msgs/share/motor_control_command_msgs/cmake/ament_cmake_export_dependencies-extras.cmake
[0.927s] -- Up-to-date: /home/agvcore/HandWork/hand_ws/install/motor_control_command_msgs/share/motor_control_command_msgs/cmake/ament_cmake_export_include_directories-extras.cmake
[0.927s] -- Up-to-date: /home/agvcore/HandWork/hand_ws/install/motor_control_command_msgs/share/motor_control_command_msgs/cmake/ament_cmake_export_libraries-extras.cmake
[0.927s] -- Up-to-date: /home/agvcore/HandWork/hand_ws/install/motor_control_command_msgs/share/motor_control_command_msgs/cmake/ament_cmake_export_targets-extras.cmake
[0.927s] -- Up-to-date: /home/agvcore/HandWork/hand_ws/install/motor_control_command_msgs/share/motor_control_command_msgs/cmake/rosidl_cmake_export_typesupport_targets-extras.cmake
[0.928s] -- Up-to-date: /home/agvcore/HandWork/hand_ws/install/motor_control_command_msgs/share/motor_control_command_msgs/cmake/rosidl_cmake_export_typesupport_libraries-extras.cmake
[0.928s] -- Up-to-date: /home/agvcore/HandWork/hand_ws/install/motor_control_command_msgs/share/motor_control_command_msgs/cmake/motor_control_command_msgsConfig.cmake
[0.928s] -- Up-to-date: /home/agvcore/HandWork/hand_ws/install/motor_control_command_msgs/share/motor_control_command_msgs/cmake/motor_control_command_msgsConfig-version.cmake
[0.928s] -- Up-to-date: /home/agvcore/HandWork/hand_ws/install/motor_control_command_msgs/share/motor_control_command_msgs/package.xml
[0.931s] Invoked command in '/home/agvcore/HandWork/hand_ws/build/motor_control_command_msgs' returned '0': CMAKE_PREFIX_PATH=${CMAKE_PREFIX_PATH}:/opt/ros/jazzy DEBUGINFOD_URLS=https://debuginfod.ubuntu.com /usr/bin/cmake --install /home/agvcore/HandWork/hand_ws/build/motor_control_command_msgs
