-- Found ament_cmake: 2.5.2 (/opt/ros/jazzy/share/ament_cmake/cmake)
-- Found rclcpp: 28.1.6 (/opt/ros/jazzy/share/rclcpp/cmake)
-- Found rosidl_generator_c: 4.6.4 (/opt/ros/jazzy/share/rosidl_generator_c/cmake)
-- Found rosidl_generator_cpp: 4.6.4 (/opt/ros/jazzy/share/rosidl_generator_cpp/cmake)
-- Using all available rosidl_typesupport_c: rosidl_typesupport_fastrtps_c;rosidl_typesupport_introspection_c
-- Using all available rosidl_typesupport_cpp: rosidl_typesupport_fastrtps_cpp;rosidl_typesupport_introspection_cpp
-- Found rmw_implementation_cmake: 7.3.1 (/opt/ros/jazzy/share/rmw_implementation_cmake/cmake)
-- Found rmw_cyclonedds_cpp: 2.2.2 (/opt/ros/jazzy/share/rmw_cyclonedds_cpp/cmake)
-- Using RMW implementation 'rmw_cyclonedds_cpp' as default
-- Found std_msgs: 5.3.5 (/opt/ros/jazzy/share/std_msgs/cmake)
-- Found motor_control_command_msgs: 0.0.0 (/home/agvcore/HandWork/hand_ws/install/motor_control_command_msgs/share/motor_control_command_msgs/cmake)
-- Configuring done (0.5s)
-- Generating done (0.0s)
-- Build files have been written to: /home/agvcore/HandWork/hand_ws/build/motor_control
[ 25%] [32mBuilding CXX object CMakeFiles/adapter_http.dir/src/adapter_http.cpp.o[0m
[ 50%] [32mBuilding CXX object CMakeFiles/deal_http.dir/src/deal_http.cpp.o[0m
[ 75%] [32m[1mLinking CXX executable deal_http[0m
[ 75%] Built target deal_http
[100%] [32m[1mLinking CXX executable adapter_http[0m
[100%] Built target adapter_http
-- Install configuration: ""
-- Installing: /home/agvcore/HandWork/hand_ws/install/motor_control/lib/motor_control/adapter_http
-- Set non-toolchain portion of runtime path of "/home/agvcore/HandWork/hand_ws/install/motor_control/lib/motor_control/adapter_http" to ""
-- Installing: /home/agvcore/HandWork/hand_ws/install/motor_control/lib/motor_control/deal_http
-- Set non-toolchain portion of runtime path of "/home/agvcore/HandWork/hand_ws/install/motor_control/lib/motor_control/deal_http" to ""
-- Installing: /home/agvcore/HandWork/hand_ws/install/motor_control/share/ament_index/resource_index/package_run_dependencies/motor_control
-- Installing: /home/agvcore/HandWork/hand_ws/install/motor_control/share/ament_index/resource_index/parent_prefix_path/motor_control
-- Installing: /home/agvcore/HandWork/hand_ws/install/motor_control/share/motor_control/environment/ament_prefix_path.sh
-- Installing: /home/agvcore/HandWork/hand_ws/install/motor_control/share/motor_control/environment/ament_prefix_path.dsv
-- Installing: /home/agvcore/HandWork/hand_ws/install/motor_control/share/motor_control/environment/path.sh
-- Installing: /home/agvcore/HandWork/hand_ws/install/motor_control/share/motor_control/environment/path.dsv
-- Installing: /home/agvcore/HandWork/hand_ws/install/motor_control/share/motor_control/local_setup.bash
-- Installing: /home/agvcore/HandWork/hand_ws/install/motor_control/share/motor_control/local_setup.sh
-- Installing: /home/agvcore/HandWork/hand_ws/install/motor_control/share/motor_control/local_setup.zsh
-- Installing: /home/agvcore/HandWork/hand_ws/install/motor_control/share/motor_control/local_setup.dsv
-- Installing: /home/agvcore/HandWork/hand_ws/install/motor_control/share/motor_control/package.dsv
-- Installing: /home/agvcore/HandWork/hand_ws/install/motor_control/share/ament_index/resource_index/packages/motor_control
-- Installing: /home/agvcore/HandWork/hand_ws/install/motor_control/share/motor_control/cmake/motor_controlConfig.cmake
-- Installing: /home/agvcore/HandWork/hand_ws/install/motor_control/share/motor_control/cmake/motor_controlConfig-version.cmake
-- Installing: /home/agvcore/HandWork/hand_ws/install/motor_control/share/motor_control/package.xml
